{
  "available": true,
  "events": [
    {
      "event_process_id": 38940,
      "id": 1001,
      "message": "Fault bucket 1961609556692841472, type 4\r\nEvent Name: APPCRASH\r\nResponse: Not available\r\nCab Id: 0\r\n\r\nProblem signature:\r\nP1: bridgestan-owned-worker-v1.exe\r\nP2: 0.0.0.0\r\nP3: 6a9ab6e5\r\nP4: StackHash_75ea\r\nP5: 10.0.26100.8972\r\nP6: 59a29eb0\r\nP7: c0000374\r\nP8: PCH_9A_FROM_ntdll+0x0000000000160ED4\r\nP9: \r\nP10: \r\n\r\nAttached files:\r\n\\\\?\\C:\\ProgramData\\Microsoft\\Windows\\WER\\Temp\\WER.c0e5b3dd-e43a-469a-b65f-026fb3727054.tmp.dmp\r\n\\\\?\\C:\\ProgramData\\Microsoft\\Windows\\WER\\Temp\\WER.7613d534-173d-485f-b667-ae4995794d9e.tmp.WERInternalMetadata.xml\r\n\\\\?\\C:\\ProgramData\\Microsoft\\Windows\\WER\\Temp\\WER.bffcc4d3-14fa-4629-a151-ff86876263dd.tmp.csv\r\n\\\\?\\C:\\ProgramData\\Microsoft\\Windows\\WER\\Temp\\WER.8256b440-b8ce-43ea-ab23-b2612c973735.tmp.txt\r\n\\\\?\\C:\\ProgramData\\Microsoft\\Windows\\WER\\Temp\\WER.cc47de9e-12de-4564-af74-68c0e6e39024.tmp.xml\r\n\r\nThese files may be available here:\r\n\\\\?\\C:\\ProgramData\\Microsoft\\Windows\\WER\\ReportArchive\\AppCrash_bridgestan-owned_d8d4d84484d16a81742195144fd4d97c552b584_4bb9bd28_f7298470-90f9-4b02-b72b-699c2c50eea2\r\n\r\nAnalysis symbol: \r\nRechecking for solution: 0\r\nReport Id: a7219265-90a5-4754-9136-0bc25da359e2\r\nReport Status: 268435456\r\nHashed bucket: 215d2311c57308741b39097faeb03400\r\nCab Guid: 0",
      "provider_name": "Windows Error Reporting",
      "record_id": 6974,
      "time_created_utc": "2026-09-04T12:23:50.4129206Z"
    },
    {
      "event_process_id": 38940,
      "id": 1000,
      "message": "Faulting application name: bridgestan-owned-worker-v1.exe, version: 0.0.0.0, time stamp: 0x6a9ab6e5\r\nFaulting module name: ntdll.dll, version: 10.0.26100.8972, time stamp: 0x59a29eb0\r\nException code: 0xc0000374\r\nFault offset: 0x0000000000112165\r\nFaulting process id: 0x83C4\r\nFaulting application start time: 0x1DD3C683C6BDECA\r\nFaulting application path: C:\\dev\\owalnuts-build-bridgestan-owned-comparator-9edcbac\\STUDIES\\bridgestan_owned_worker_v1\\target\\release\\bridgestan-owned-worker-v1.exe\r\nFaulting module path: C:\\windows\\SYSTEM32\\ntdll.dll\r\nReport Id: a7219265-90a5-4754-9136-0bc25da359e2\r\nFaulting package full name: \r\nFaulting package-relative application ID: ",
      "provider_name": "Application Error",
      "record_id": 6973,
      "time_created_utc": "2026-09-04T12:23:48.5313919Z"
    },
    {
      "event_process_id": 21068,
      "id": 1001,
      "message": "Fault bucket 1162595031266893893, type 4\r\nEvent Name: APPCRASH\r\nResponse: Not available\r\nCab Id: 0\r\n\r\nProblem signature:\r\nP1: bridgestan-owned-worker-v1.exe\r\nP2: 0.0.0.0\r\nP3: 6a9ab6e5\r\nP4: StackHash_8205\r\nP5: 10.0.26100.8972\r\nP6: 59a29eb0\r\nP7: c0000374\r\nP8: PCH_9A_FROM_ntdll+0x0000000000160ED4\r\nP9: \r\nP10: \r\n\r\nAttached files:\r\n\\\\?\\C:\\ProgramData\\Microsoft\\Windows\\WER\\Temp\\WER.7356950d-c38b-45d7-a3ca-5c6fb77ef6be.tmp.dmp\r\n\\\\?\\C:\\ProgramData\\Microsoft\\Windows\\WER\\Temp\\WER.f0376b48-4a5e-4f4a-bbc1-1ef96a387bd7.tmp.WERInternalMetadata.xml\r\n\\\\?\\C:\\ProgramData\\Microsoft\\Windows\\WER\\Temp\\WER.25d81b88-e21f-4409-928f-0965895bb1bd.tmp.csv\r\n\\\\?\\C:\\ProgramData\\Microsoft\\Windows\\WER\\Temp\\WER.81517080-6701-4a7d-afa2-17133108927c.tmp.txt\r\n\\\\?\\C:\\ProgramData\\Microsoft\\Windows\\WER\\Temp\\WER.ba9ecad5-23a6-45c1-997c-7e98c5c536c1.tmp.xml\r\n\r\nThese files may be available here:\r\n\\\\?\\C:\\ProgramData\\Microsoft\\Windows\\WER\\ReportArchive\\AppCrash_bridgestan-owned_9919e4e32afc87d4faf54bb08ed6bc6019c8_4bb9bd28_28ea0847-780a-4903-bcd4-ba98af2c1b22\r\n\r\nAnalysis symbol: \r\nRechecking for solution: 0\r\nReport Id: 717c662b-4bb8-41ea-b969-81c5f8183f02\r\nReport Status: 268435456\r\nHashed bucket: 14cc804cd11090c0b0225e05704c2045\r\nCab Guid: 0",
      "provider_name": "Windows Error Reporting",
      "record_id": 6972,
      "time_created_utc": "2026-09-04T12:23:33.4732528Z"
    },
    {
      "event_process_id": 21068,
      "id": 1000,
      "message": "Faulting application name: bridgestan-owned-worker-v1.exe, version: 0.0.0.0, time stamp: 0x6a9ab6e5\r\nFaulting module name: ntdll.dll, version: 10.0.26100.8972, time stamp: 0x59a29eb0\r\nException code: 0xc0000374\r\nFault offset: 0x0000000000112165\r\nFaulting process id: 0x8580\r\nFaulting application start time: 0x1DD3C6832334AC1\r\nFaulting application path: C:\\dev\\owalnuts-build-bridgestan-owned-comparator-9edcbac\\STUDIES\\bridgestan_owned_worker_v1\\target\\release\\bridgestan-owned-worker-v1.exe\r\nFaulting module path: C:\\windows\\SYSTEM32\\ntdll.dll\r\nReport Id: 717c662b-4bb8-41ea-b969-81c5f8183f02\r\nFaulting package full name: \r\nFaulting package-relative application ID: ",
      "provider_name": "Application Error",
      "record_id": 6971,
      "time_created_utc": "2026-09-04T12:23:31.4157960Z"
    },
    {
      "event_process_id": 16388,
      "id": 1001,
      "message": "Fault bucket 1835916703474970161, type 4\r\nEvent Name: APPCRASH\r\nResponse: Not available\r\nCab Id: 0\r\n\r\nProblem signature:\r\nP1: bridgestan-owned-worker-v1.exe\r\nP2: 0.0.0.0\r\nP3: 6a9ab6e5\r\nP4: StackHash_5d09\r\nP5: 10.0.26100.8972\r\nP6: 59a29eb0\r\nP7: c0000374\r\nP8: PCH_9A_FROM_ntdll+0x0000000000160ED4\r\nP9: \r\nP10: \r\n\r\nAttached files:\r\n\\\\?\\C:\\ProgramData\\Microsoft\\Windows\\WER\\Temp\\WER.f77c577e-75b1-4ef0-919c-2088079f1742.tmp.dmp\r\n\\\\?\\C:\\ProgramData\\Microsoft\\Windows\\WER\\Temp\\WER.fcb6c670-4188-4f23-8653-05639d2afcfc.tmp.WERInternalMetadata.xml\r\n\\\\?\\C:\\ProgramData\\Microsoft\\Windows\\WER\\Temp\\WER.c66c9141-9993-448d-8850-c23d2c1455f4.tmp.csv\r\n\\\\?\\C:\\ProgramData\\Microsoft\\Windows\\WER\\Temp\\WER.96c37367-65fd-4ff9-b220-1b0b07cebbad.tmp.txt\r\n\\\\?\\C:\\ProgramData\\Microsoft\\Windows\\WER\\Temp\\WER.4261062a-ca78-410a-a97e-f8bbf8cb7fc0.tmp.xml\r\n\r\nThese files may be available here:\r\n\\\\?\\C:\\ProgramData\\Microsoft\\Windows\\WER\\ReportArchive\\AppCrash_bridgestan-owned_34f88a4253b14e381b79d8895e3c121737f9d051_4bb9bd28_94e695d6-5a96-4feb-809b-a2fc5a26cff1\r\n\r\nAnalysis symbol: \r\nRechecking for solution: 0\r\nReport Id: 183f3c7f-a889-4c43-8abf-0f86d44f1582\r\nReport Status: 268435456\r\nHashed bucket: 4f6c8ad8b7adcefe697a7c83c3d4ee31\r\nCab Guid: 0",
      "provider_name": "Windows Error Reporting",
      "record_id": 6970,
      "time_created_utc": "2026-09-04T12:23:29.2068845Z"
    },
    {
      "event_process_id": 16388,
      "id": 1000,
      "message": "Faulting application name: bridgestan-owned-worker-v1.exe, version: 0.0.0.0, time stamp: 0x6a9ab6e5\r\nFaulting module name: ntdll.dll, version: 10.0.26100.8972, time stamp: 0x59a29eb0\r\nException code: 0xc0000374\r\nFault offset: 0x0000000000112165\r\nFaulting process id: 0x5A8C\r\nFaulting application start time: 0x1DD3C682F8E859D\r\nFaulting application path: C:\\dev\\owalnuts-build-bridgestan-owned-comparator-9edcbac\\STUDIES\\bridgestan_owned_worker_v1\\target\\release\\bridgestan-owned-worker-v1.exe\r\nFaulting module path: C:\\windows\\SYSTEM32\\ntdll.dll\r\nReport Id: 183f3c7f-a889-4c43-8abf-0f86d44f1582\r\nFaulting package full name: \r\nFaulting package-relative application ID: ",
      "provider_name": "Application Error",
      "record_id": 6969,
      "time_created_utc": "2026-09-04T12:23:26.9932541Z"
    },
    {
      "event_process_id": 35856,
      "id": 1001,
      "message": "Fault bucket 1782681029271355062, type 4\r\nEvent Name: APPCRASH\r\nResponse: Not available\r\nCab Id: 0\r\n\r\nProblem signature:\r\nP1: bridgestan-owned-worker-v1.exe\r\nP2: 0.0.0.0\r\nP3: 6a9ab6e5\r\nP4: StackHash_c11c\r\nP5: 10.0.26100.8972\r\nP6: 59a29eb0\r\nP7: c0000374\r\nP8: PCH_9A_FROM_ntdll+0x0000000000160ED4\r\nP9: \r\nP10: \r\n\r\nAttached files:\r\n\\\\?\\C:\\ProgramData\\Microsoft\\Windows\\WER\\Temp\\WER.fea4d45b-3909-47f5-87fa-830698270161.tmp.dmp\r\n\\\\?\\C:\\ProgramData\\Microsoft\\Windows\\WER\\Temp\\WER.d2a08741-52cc-4b9e-b67a-c58d809e6dc0.tmp.WERInternalMetadata.xml\r\n\\\\?\\C:\\ProgramData\\Microsoft\\Windows\\WER\\Temp\\WER.9f4ea044-259f-405b-9c69-78b3542ad64a.tmp.csv\r\n\\\\?\\C:\\ProgramData\\Microsoft\\Windows\\WER\\Temp\\WER.aadbc2cd-d6dd-4311-941c-7479ca222e2c.tmp.txt\r\n\\\\?\\C:\\ProgramData\\Microsoft\\Windows\\WER\\Temp\\WER.5266800d-a7a7-4bc6-be07-d4fc8bcf25db.tmp.xml\r\n\r\nThese files may be available here:\r\n\\\\?\\C:\\ProgramData\\Microsoft\\Windows\\WER\\ReportArchive\\AppCrash_bridgestan-owned_9f1a9f97169b5e2b85fbc918ec4b282aae3b65e_4bb9bd28_1fe48742-84fd-4bde-ab4d-0c05748f07ff\r\n\r\nAnalysis symbol: \r\nRechecking for solution: 0\r\nReport Id: fd2581ec-b64f-4c71-b163-ec0841585526\r\nReport Status: 268435456\r\nHashed bucket: 0b83d2c51059999738bd5af3798bfeb6\r\nCab Guid: 0",
      "provider_name": "Windows Error Reporting",
      "record_id": 6968,
      "time_created_utc": "2026-09-04T12:23:21.9043368Z"
    },
    {
      "event_process_id": 35856,
      "id": 1000,
      "message": "Faulting application name: bridgestan-owned-worker-v1.exe, version: 0.0.0.0, time stamp: 0x6a9ab6e5\r\nFaulting module name: ntdll.dll, version: 10.0.26100.8972, time stamp: 0x59a29eb0\r\nException code: 0xc0000374\r\nFault offset: 0x0000000000112165\r\nFaulting process id: 0x3A00\r\nFaulting application start time: 0x1DD3C682B2BB527\r\nFaulting application path: C:\\dev\\owalnuts-build-bridgestan-owned-comparator-9edcbac\\STUDIES\\bridgestan_owned_worker_v1\\target\\release\\bridgestan-owned-worker-v1.exe\r\nFaulting module path: C:\\windows\\SYSTEM32\\ntdll.dll\r\nReport Id: fd2581ec-b64f-4c71-b163-ec0841585526\r\nFaulting package full name: \r\nFaulting package-relative application ID: ",
      "provider_name": "Application Error",
      "record_id": 6967,
      "time_created_utc": "2026-09-04T12:23:19.6558413Z"
    },
    {
      "event_process_id": 26220,
      "id": 1001,
      "message": "Fault bucket 1269181073148961942, type 4\r\nEvent Name: APPCRASH\r\nResponse: Not available\r\nCab Id: 0\r\n\r\nProblem signature:\r\nP1: bridgestan-owned-worker-v1.exe\r\nP2: 0.0.0.0\r\nP3: 6a9ab6e5\r\nP4: StackHash_05ee\r\nP5: 10.0.26100.8972\r\nP6: 59a29eb0\r\nP7: c0000374\r\nP8: PCH_9A_FROM_ntdll+0x0000000000160ED4\r\nP9: \r\nP10: \r\n\r\nAttached files:\r\n\\\\?\\C:\\ProgramData\\Microsoft\\Windows\\WER\\Temp\\WER.fc6eb704-e849-46a3-bf98-a44875b619cf.tmp.dmp\r\n\\\\?\\C:\\ProgramData\\Microsoft\\Windows\\WER\\Temp\\WER.d7f6ce65-57f3-430c-9824-36d2de6679c2.tmp.WERInternalMetadata.xml\r\n\\\\?\\C:\\ProgramData\\Microsoft\\Windows\\WER\\Temp\\WER.a691e7d2-b9a1-453b-acaa-6e64f0945521.tmp.csv\r\n\\\\?\\C:\\ProgramData\\Microsoft\\Windows\\WER\\Temp\\WER.1799e393-fa42-486a-8966-0237f1481466.tmp.txt\r\n\\\\?\\C:\\ProgramData\\Microsoft\\Windows\\WER\\Temp\\WER.b6e27234-f603-47ac-b056-388bf4a47929.tmp.xml\r\n\r\nThese files may be available here:\r\n\\\\?\\C:\\ProgramData\\Microsoft\\Windows\\WER\\ReportArchive\\AppCrash_bridgestan-owned_cab891cfb8f1abc959bd318acb22823758520d_4bb9bd28_9c79c33b-ac5f-4e5a-b08c-d27556bd5358\r\n\r\nAnalysis symbol: \r\nRechecking for solution: 0\r\nReport Id: 91cb637b-8b25-4f1e-ab49-255d48feca26\r\nReport Status: 268435456\r\nHashed bucket: 8fded143104767dbc19d09762cb16496\r\nCab Guid: 0",
      "provider_name": "Windows Error Reporting",
      "record_id": 6966,
      "time_created_utc": "2026-09-04T12:23:12.0360083Z"
    },
    {
      "event_process_id": 26220,
      "id": 1000,
      "message": "Faulting application name: bridgestan-owned-worker-v1.exe, version: 0.0.0.0, time stamp: 0x6a9ab6e5\r\nFaulting module name: ntdll.dll, version: 10.0.26100.8972, time stamp: 0x59a29eb0\r\nException code: 0xc0000374\r\nFault offset: 0x0000000000112165\r\nFaulting process id: 0x6FC4\r\nFaulting application start time: 0x1DD3C6825478A5D\r\nFaulting application path: C:\\dev\\owalnuts-build-bridgestan-owned-comparator-9edcbac\\STUDIES\\bridgestan_owned_worker_v1\\target\\release\\bridgestan-owned-worker-v1.exe\r\nFaulting module path: C:\\windows\\SYSTEM32\\ntdll.dll\r\nReport Id: 91cb637b-8b25-4f1e-ab49-255d48feca26\r\nFaulting package full name: \r\nFaulting package-relative application ID: ",
      "provider_name": "Application Error",
      "record_id": 6965,
      "time_created_utc": "2026-09-04T12:23:09.7459983Z"
    },
    {
      "event_process_id": 25084,
      "id": 1001,
      "message": "Fault bucket 1269181073148961942, type 4\r\nEvent Name: APPCRASH\r\nResponse: Not available\r\nCab Id: 0\r\n\r\nProblem signature:\r\nP1: bridgestan-owned-worker-v1.exe\r\nP2: 0.0.0.0\r\nP3: 6a9ab6e5\r\nP4: StackHash_05ee\r\nP5: 10.0.26100.8972\r\nP6: 59a29eb0\r\nP7: c0000374\r\nP8: PCH_9A_FROM_ntdll+0x0000000000160ED4\r\nP9: \r\nP10: \r\n\r\nAttached files:\r\n\\\\?\\C:\\ProgramData\\Microsoft\\Windows\\WER\\Temp\\WER.87905918-d906-44e6-8d53-9db117bb5a03.tmp.dmp\r\n\\\\?\\C:\\ProgramData\\Microsoft\\Windows\\WER\\Temp\\WER.f7d879b7-5db2-45d2-86ee-c312f2ae7ada.tmp.WERInternalMetadata.xml\r\n\\\\?\\C:\\ProgramData\\Microsoft\\Windows\\WER\\Temp\\WER.9dff8f75-48eb-4cf4-b94a-ff44b507ccce.tmp.csv\r\n\\\\?\\C:\\ProgramData\\Microsoft\\Windows\\WER\\Temp\\WER.37c31de4-49a4-41c2-9a6a-0f4777494e1f.tmp.txt\r\n\\\\?\\C:\\ProgramData\\Microsoft\\Windows\\WER\\Temp\\WER.c71fde31-0db0-40c7-82f4-6ada3284855c.tmp.xml\r\n\r\nThese files may be available here:\r\n\\\\?\\C:\\ProgramData\\Microsoft\\Windows\\WER\\ReportArchive\\AppCrash_bridgestan-owned_cab891cfb8f1abc959bd318acb22823758520d_4bb9bd28_b4ff09fc-80e9-4b81-8862-625160ca5a15\r\n\r\nAnalysis symbol: \r\nRechecking for solution: 0\r\nReport Id: 21cafe31-cb02-4313-b253-a16d70b23fe8\r\nReport Status: 268435456\r\nHashed bucket: 8fded143104767dbc19d09762cb16496\r\nCab Guid: 0",
      "provider_name": "Windows Error Reporting",
      "record_id": 6964,
      "time_created_utc": "2026-09-04T12:23:01.0554858Z"
    },
    {
      "event_process_id": 25084,
      "id": 1000,
      "message": "Faulting application name: bridgestan-owned-worker-v1.exe, version: 0.0.0.0, time stamp: 0x6a9ab6e5\r\nFaulting module name: ntdll.dll, version: 10.0.26100.8972, time stamp: 0x59a29eb0\r\nException code: 0xc0000374\r\nFault offset: 0x0000000000112165\r\nFaulting process id: 0x6CEC\r\nFaulting application start time: 0x1DD3C681ED10D61\r\nFaulting application path: C:\\dev\\owalnuts-build-bridgestan-owned-comparator-9edcbac\\STUDIES\\bridgestan_owned_worker_v1\\target\\release\\bridgestan-owned-worker-v1.exe\r\nFaulting module path: C:\\windows\\SYSTEM32\\ntdll.dll\r\nReport Id: 21cafe31-cb02-4313-b253-a16d70b23fe8\r\nFaulting package full name: \r\nFaulting package-relative application ID: ",
      "provider_name": "Application Error",
      "record_id": 6963,
      "time_created_utc": "2026-09-04T12:22:58.8749348Z"
    },
    {
      "event_process_id": 38424,
      "id": 1001,
      "message": "Fault bucket 1162595031266893893, type 4\r\nEvent Name: APPCRASH\r\nResponse: Not available\r\nCab Id: 0\r\n\r\nProblem signature:\r\nP1: bridgestan-owned-worker-v1.exe\r\nP2: 0.0.0.0\r\nP3: 6a9ab6e5\r\nP4: StackHash_8205\r\nP5: 10.0.26100.8972\r\nP6: 59a29eb0\r\nP7: c0000374\r\nP8: PCH_9A_FROM_ntdll+0x0000000000160ED4\r\nP9: \r\nP10: \r\n\r\nAttached files:\r\n\\\\?\\C:\\ProgramData\\Microsoft\\Windows\\WER\\Temp\\WER.05ec51ab-f501-4ce1-9a92-53b8efc762b4.tmp.dmp\r\n\\\\?\\C:\\ProgramData\\Microsoft\\Windows\\WER\\Temp\\WER.ac3adf49-5aad-4625-bb08-9aed9cc46b3c.tmp.WERInternalMetadata.xml\r\n\\\\?\\C:\\ProgramData\\Microsoft\\Windows\\WER\\Temp\\WER.1018e530-e518-4a47-824f-42b4d6b92953.tmp.csv\r\n\\\\?\\C:\\ProgramData\\Microsoft\\Windows\\WER\\Temp\\WER.153182b6-dec8-45fb-ac6d-f5785f20ae95.tmp.txt\r\n\\\\?\\C:\\ProgramData\\Microsoft\\Windows\\WER\\Temp\\WER.9403a70a-f99e-4990-b96d-21c388d0e291.tmp.xml\r\n\r\nThese files may be available here:\r\n\\\\?\\C:\\ProgramData\\Microsoft\\Windows\\WER\\ReportArchive\\AppCrash_bridgestan-owned_9919e4e32afc87d4faf54bb08ed6bc6019c8_4bb9bd28_44990303-79f3-4861-9e0d-4ee82fdd173e\r\n\r\nAnalysis symbol: \r\nRechecking for solution: 0\r\nReport Id: 63c874aa-5658-4898-8eb6-52b8c77afcc2\r\nReport Status: 268435456\r\nHashed bucket: 14cc804cd11090c0b0225e05704c2045\r\nCab Guid: 0",
      "provider_name": "Windows Error Reporting",
      "record_id": 6962,
      "time_created_utc": "2026-09-04T12:22:58.0666430Z"
    },
    {
      "event_process_id": 38424,
      "id": 1000,
      "message": "Faulting application name: bridgestan-owned-worker-v1.exe, version: 0.0.0.0, time stamp: 0x6a9ab6e5\r\nFaulting module name: ntdll.dll, version: 10.0.26100.8972, time stamp: 0x59a29eb0\r\nException code: 0xc0000374\r\nFault offset: 0x0000000000112165\r\nFaulting process id: 0x6484\r\nFaulting application start time: 0x1DD3C681D0925EA\r\nFaulting application path: C:\\dev\\owalnuts-build-bridgestan-owned-comparator-9edcbac\\STUDIES\\bridgestan_owned_worker_v1\\target\\release\\bridgestan-owned-worker-v1.exe\r\nFaulting module path: C:\\windows\\SYSTEM32\\ntdll.dll\r\nReport Id: 63c874aa-5658-4898-8eb6-52b8c77afcc2\r\nFaulting package full name: \r\nFaulting package-relative application ID: ",
      "provider_name": "Application Error",
      "record_id": 6961,
      "time_created_utc": "2026-09-04T12:22:55.9127357Z"
    },
    {
      "event_process_id": 10964,
      "id": 1001,
      "message": "Fault bucket 1970765650102611943, type 4\r\nEvent Name: APPCRASH\r\nResponse: Not available\r\nCab Id: 0\r\n\r\nProblem signature:\r\nP1: bridgestan-owned-worker-v1.exe\r\nP2: 0.0.0.0\r\nP3: 6a9ab6e5\r\nP4: StackHash_02be\r\nP5: 10.0.26100.8972\r\nP6: 59a29eb0\r\nP7: c0000374\r\nP8: PCH_9A_FROM_ntdll+0x0000000000160ED4\r\nP9: \r\nP10: \r\n\r\nAttached files:\r\n\\\\?\\C:\\ProgramData\\Microsoft\\Windows\\WER\\Temp\\WER.441cb0e3-cc2c-4613-b9b6-4cbf185df119.tmp.dmp\r\n\\\\?\\C:\\ProgramData\\Microsoft\\Windows\\WER\\Temp\\WER.5b2b5f96-4a6c-4ef4-b7b8-bf50a22db0e7.tmp.WERInternalMetadata.xml\r\n\\\\?\\C:\\ProgramData\\Microsoft\\Windows\\WER\\Temp\\WER.bfb83aa0-609c-4a18-be92-79d9597b482b.tmp.csv\r\n\\\\?\\C:\\ProgramData\\Microsoft\\Windows\\WER\\Temp\\WER.5e99ae7c-0613-47ba-b093-422326b31b1a.tmp.txt\r\n\\\\?\\C:\\ProgramData\\Microsoft\\Windows\\WER\\Temp\\WER.cdb6bc87-fdbd-47c7-b3ca-c8e6eab6fc5f.tmp.xml\r\n\r\nThese files may be available here:\r\n\\\\?\\C:\\ProgramData\\Microsoft\\Windows\\WER\\ReportArchive\\AppCrash_bridgestan-owned_253b82db62e08eb21bfaea8a2827bfb98314f53_4bb9bd28_f2bc0190-0687-4251-b9e6-3d17f7e98eae\r\n\r\nAnalysis symbol: \r\nRechecking for solution: 0\r\nReport Id: e203629e-4ef9-4e19-9012-a5528c474db9\r\nReport Status: 268435456\r\nHashed bucket: a14e2a1e775433714b5990eacde86fe7\r\nCab Guid: 0",
      "provider_name": "Windows Error Reporting",
      "record_id": 6960,
      "time_created_utc": "2026-09-04T12:22:52.9972180Z"
    },
    {
      "event_process_id": 10964,
      "id": 1000,
      "message": "Faulting application name: bridgestan-owned-worker-v1.exe, version: 0.0.0.0, time stamp: 0x6a9ab6e5\r\nFaulting module name: ntdll.dll, version: 10.0.26100.8972, time stamp: 0x59a29eb0\r\nException code: 0xc0000374\r\nFault offset: 0x0000000000112165\r\nFaulting process id: 0x6284\r\nFaulting application start time: 0x1DD3C6819D0AF1D\r\nFaulting application path: C:\\dev\\owalnuts-build-bridgestan-owned-comparator-9edcbac\\STUDIES\\bridgestan_owned_worker_v1\\target\\release\\bridgestan-owned-worker-v1.exe\r\nFaulting module path: C:\\windows\\SYSTEM32\\ntdll.dll\r\nReport Id: e203629e-4ef9-4e19-9012-a5528c474db9\r\nFaulting package full name: \r\nFaulting package-relative application ID: ",
      "provider_name": "Application Error",
      "record_id": 6959,
      "time_created_utc": "2026-09-04T12:22:50.5958944Z"
    },
    {
      "event_process_id": 20376,
      "id": 1001,
      "message": "Fault bucket 1748767831120030701, type 4\r\nEvent Name: APPCRASH\r\nResponse: Not available\r\nCab Id: 0\r\n\r\nProblem signature:\r\nP1: bridgestan-owned-worker-v1.exe\r\nP2: 0.0.0.0\r\nP3: 6a9ab6e5\r\nP4: StackHash_cddd\r\nP5: 10.0.26100.8972\r\nP6: 59a29eb0\r\nP7: c0000374\r\nP8: PCH_9A_FROM_ntdll+0x0000000000160ED4\r\nP9: \r\nP10: \r\n\r\nAttached files:\r\n\\\\?\\C:\\ProgramData\\Microsoft\\Windows\\WER\\Temp\\WER.18214f0e-1e80-4d71-bae4-313dc7f512eb.tmp.dmp\r\n\\\\?\\C:\\ProgramData\\Microsoft\\Windows\\WER\\Temp\\WER.6f0c0baa-9b92-4172-9a5f-2912e2321e82.tmp.WERInternalMetadata.xml\r\n\\\\?\\C:\\ProgramData\\Microsoft\\Windows\\WER\\Temp\\WER.13082359-d182-4d92-9806-a1ea50a91488.tmp.csv\r\n\\\\?\\C:\\ProgramData\\Microsoft\\Windows\\WER\\Temp\\WER.25354150-77c2-469b-8982-124d81d5f990.tmp.txt\r\n\\\\?\\C:\\ProgramData\\Microsoft\\Windows\\WER\\Temp\\WER.8d3d2131-5c44-4059-a52a-1e2394833c2b.tmp.xml\r\n\r\nThese files may be available here:\r\n\\\\?\\C:\\ProgramData\\Microsoft\\Windows\\WER\\ReportArchive\\AppCrash_bridgestan-owned_36873c3d6870cd5f60fd72d5292887f895bafdc_4bb9bd28_eab3ed93-07a9-4d7e-be4b-b3bc08652e10\r\n\r\nAnalysis symbol: \r\nRechecking for solution: 0\r\nReport Id: 6a80aa9e-3f75-4ef2-b520-fef45debf557\r\nReport Status: 268435456\r\nHashed bucket: 1e54b4f71a4b1ca05844df13b88a2bed\r\nCab Guid: 0",
      "provider_name": "Windows Error Reporting",
      "record_id": 6958,
      "time_created_utc": "2026-09-04T12:22:37.7506442Z"
    },
    {
      "event_process_id": 20376,
      "id": 1000,
      "message": "Faulting application name: bridgestan-owned-worker-v1.exe, version: 0.0.0.0, time stamp: 0x6a9ab6e5\r\nFaulting module name: ntdll.dll, version: 10.0.26100.8972, time stamp: 0x59a29eb0\r\nException code: 0xc0000374\r\nFault offset: 0x0000000000112165\r\nFaulting process id: 0x7350\r\nFaulting application start time: 0x1DD3C6810F634D6\r\nFaulting application path: C:\\dev\\owalnuts-build-bridgestan-owned-comparator-9edcbac\\STUDIES\\bridgestan_owned_worker_v1\\target\\release\\bridgestan-owned-worker-v1.exe\r\nFaulting module path: C:\\windows\\SYSTEM32\\ntdll.dll\r\nReport Id: 6a80aa9e-3f75-4ef2-b520-fef45debf557\r\nFaulting package full name: \r\nFaulting package-relative application ID: ",
      "provider_name": "Application Error",
      "record_id": 6957,
      "time_created_utc": "2026-09-04T12:22:35.6779169Z"
    },
    {
      "event_process_id": 16884,
      "id": 1001,
      "message": "Fault bucket 1758029622673575146, type 4\r\nEvent Name: APPCRASH\r\nResponse: Not available\r\nCab Id: 0\r\n\r\nProblem signature:\r\nP1: bridgestan-owned-worker-v1.exe\r\nP2: 0.0.0.0\r\nP3: 6a9ab6e5\r\nP4: StackHash_ccd6\r\nP5: 10.0.26100.8972\r\nP6: 59a29eb0\r\nP7: c0000374\r\nP8: PCH_9A_FROM_ntdll+0x0000000000160ED4\r\nP9: \r\nP10: \r\n\r\nAttached files:\r\n\\\\?\\C:\\ProgramData\\Microsoft\\Windows\\WER\\Temp\\WER.96965b57-748d-4bbd-9711-35cc831438fa.tmp.dmp\r\n\\\\?\\C:\\ProgramData\\Microsoft\\Windows\\WER\\Temp\\WER.783e6c4c-dd9a-42f7-8227-2e3663ae6d0d.tmp.WERInternalMetadata.xml\r\n\\\\?\\C:\\ProgramData\\Microsoft\\Windows\\WER\\Temp\\WER.80c0b123-c067-4c76-887f-76821ab5369a.tmp.csv\r\n\\\\?\\C:\\ProgramData\\Microsoft\\Windows\\WER\\Temp\\WER.258590b1-e4a4-403a-ac27-5956cb021e5e.tmp.txt\r\n\\\\?\\C:\\ProgramData\\Microsoft\\Windows\\WER\\Temp\\WER.823377d9-8100-4b4e-bb90-cf3be92cc147.tmp.xml\r\n\r\nThese files may be available here:\r\n\\\\?\\C:\\ProgramData\\Microsoft\\Windows\\WER\\ReportArchive\\AppCrash_bridgestan-owned_a9ce1ccd279f8e59c38df6f8ae4297d5de212_4bb9bd28_95f195ae-4004-4dd9-97a8-d769b137ca6a\r\n\r\nAnalysis symbol: \r\nRechecking for solution: 0\r\nReport Id: 15ea8152-e6c6-4a34-b77e-da1bb5ac6d08\r\nReport Status: 268435456\r\nHashed bucket: 155170ff55210b44e865c6a09c128cea\r\nCab Guid: 0",
      "provider_name": "Windows Error Reporting",
      "record_id": 6956,
      "time_created_utc": "2026-09-04T12:22:34.8135798Z"
    },
    {
      "event_process_id": 16884,
      "id": 1000,
      "message": "Faulting application name: bridgestan-owned-worker-v1.exe, version: 0.0.0.0, time stamp: 0x6a9ab6e5\r\nFaulting module name: ntdll.dll, version: 10.0.26100.8972, time stamp: 0x59a29eb0\r\nException code: 0xc0000374\r\nFault offset: 0x0000000000112165\r\nFaulting process id: 0x69C8\r\nFaulting application start time: 0x1DD3C680F1B48AB\r\nFaulting application path: C:\\dev\\owalnuts-build-bridgestan-owned-comparator-9edcbac\\STUDIES\\bridgestan_owned_worker_v1\\target\\release\\bridgestan-owned-worker-v1.exe\r\nFaulting module path: C:\\windows\\SYSTEM32\\ntdll.dll\r\nReport Id: 15ea8152-e6c6-4a34-b77e-da1bb5ac6d08\r\nFaulting package full name: \r\nFaulting package-relative application ID: ",
      "provider_name": "Application Error",
      "record_id": 6955,
      "time_created_utc": "2026-09-04T12:22:32.5252363Z"
    },
    {
      "event_process_id": 10916,
      "id": 1001,
      "message": "Fault bucket 2277214819418004894, type 4\r\nEvent Name: APPCRASH\r\nResponse: Not available\r\nCab Id: 0\r\n\r\nProblem signature:\r\nP1: bridgestan-owned-worker-v1.exe\r\nP2: 0.0.0.0\r\nP3: 6a9ab6e5\r\nP4: StackHash_005b\r\nP5: 10.0.26100.8972\r\nP6: 59a29eb0\r\nP7: c0000374\r\nP8: PCH_9A_FROM_ntdll+0x0000000000160ED4\r\nP9: \r\nP10: \r\n\r\nAttached files:\r\n\\\\?\\C:\\ProgramData\\Microsoft\\Windows\\WER\\Temp\\WER.e40da995-d151-46ee-ad38-27bacfa67e7b.tmp.dmp\r\n\\\\?\\C:\\ProgramData\\Microsoft\\Windows\\WER\\Temp\\WER.664c6cd1-115a-4d27-831b-83c6ee66e43b.tmp.WERInternalMetadata.xml\r\n\\\\?\\C:\\ProgramData\\Microsoft\\Windows\\WER\\Temp\\WER.c5ecf0a9-1952-4177-bb5a-e28ebd701c66.tmp.csv\r\n\\\\?\\C:\\ProgramData\\Microsoft\\Windows\\WER\\Temp\\WER.d823a837-0772-4f6f-84cb-a72ac2121d7e.tmp.txt\r\n\\\\?\\C:\\ProgramData\\Microsoft\\Windows\\WER\\Temp\\WER.3af44e3d-2301-48f7-974b-008f36619d7b.tmp.xml\r\n\r\nThese files may be available here:\r\n\\\\?\\C:\\ProgramData\\Microsoft\\Windows\\WER\\ReportArchive\\AppCrash_bridgestan-owned_242b16f5f37eb2d248fed46e7ce51cdf7238b28_4bb9bd28_2b4dad8b-8613-4e70-92a1-1afa9a96ebda\r\n\r\nAnalysis symbol: \r\nRechecking for solution: 0\r\nReport Id: d66a76a5-5107-4e6a-94dd-c8a408f25849\r\nReport Status: 268435456\r\nHashed bucket: 6c20a5b6e4946d475f9a4ad024aa5d9e\r\nCab Guid: 0",
      "provider_name": "Windows Error Reporting",
      "record_id": 6954,
      "time_created_utc": "2026-09-04T12:22:29.8088271Z"
    },
    {
      "event_process_id": 10916,
      "id": 1000,
      "message": "Faulting application name: bridgestan-owned-worker-v1.exe, version: 0.0.0.0, time stamp: 0x6a9ab6e5\r\nFaulting module name: ntdll.dll, version: 10.0.26100.8972, time stamp: 0x59a29eb0\r\nException code: 0xc0000374\r\nFault offset: 0x0000000000112165\r\nFaulting process id: 0x56F4\r\nFaulting application start time: 0x1DD3C680C066F6C\r\nFaulting application path: C:\\dev\\owalnuts-build-bridgestan-owned-comparator-9edcbac\\STUDIES\\bridgestan_owned_worker_v1\\target\\release\\bridgestan-owned-worker-v1.exe\r\nFaulting module path: C:\\windows\\SYSTEM32\\ntdll.dll\r\nReport Id: d66a76a5-5107-4e6a-94dd-c8a408f25849\r\nFaulting package full name: \r\nFaulting package-relative application ID: ",
      "provider_name": "Application Error",
      "record_id": 6953,
      "time_created_utc": "2026-09-04T12:22:27.2649562Z"
    },
    {
      "event_process_id": 17448,
      "id": 1001,
      "message": "Fault bucket 1202541032630272757, type 5\r\nEvent Name: BEX64\r\nResponse: Not available\r\nCab Id: 0\r\n\r\nProblem signature:\r\nP1: bridgestan-owned-worker-v1.exe\r\nP2: 0.0.0.0\r\nP3: 6a9ab6e5\r\nP4: StackHash_05d0\r\nP5: 0.0.0.0\r\nP6: 00000000\r\nP7: PCH_9A_FROM_ntdll+0x0000000000160ED4\r\nP8: c0000005\r\nP9: 0000000000000008\r\nP10: \r\n\r\nAttached files:\r\n\\\\?\\C:\\ProgramData\\Microsoft\\Windows\\WER\\Temp\\WER.024232ff-8530-426f-994f-dcac3972f013.tmp.WERInternalMetadata.xml\r\n\r\nThese files may be available here:\r\n\\\\?\\C:\\ProgramData\\Microsoft\\Windows\\WER\\ReportArchive\\AppCrash_bridgestan-owned_4fd9e26452d18395db228ce32394a327cbaacc9d_4bb9bd28_274b1c95-2587-4c21-8f85-37eb9ef09b85\r\n\r\nAnalysis symbol: \r\nRechecking for solution: 0\r\nReport Id: 3051153d-f7d4-43de-b5e4-08e8e07e3462\r\nReport Status: 268435456\r\nHashed bucket: 7dd284ea7447a689b0b048b2a5c242f5\r\nCab Guid: 0",
      "provider_name": "Windows Error Reporting",
      "record_id": 6952,
      "time_created_utc": "2026-09-04T12:22:24.1621641Z"
    },
    {
      "event_process_id": 17448,
      "id": 1001,
      "message": "Fault bucket , type 0\r\nEvent Name: LiveKernelEvent\r\nResponse: Not available\r\nCab Id: 0\r\n\r\nProblem signature:\r\nP1: 193\r\nP2: 801\r\nP3: ffffffffc0000182\r\nP4: 0\r\nP5: 0\r\nP6: 10_0_26200\r\nP7: 0_0\r\nP8: 768_1\r\nP9: \r\nP10: \r\n\r\nAttached files:\r\n\\\\?\\C:\\windows\\LiveKernelReports\\WATCHDOG\\WATCHDOG-20260901-1755.dmp\r\n\\\\?\\C:\\windows\\SystemTemp\\WER-15218-0.sysdata.xml\r\n\\\\?\\C:\\ProgramData\\Microsoft\\Windows\\WER\\Temp\\WER.c70cd3b6-3584-4295-9cb6-78c930b580d8.tmp.xml\r\n\r\nThese files may be available here:\r\n\\\\?\\C:\\ProgramData\\Microsoft\\Windows\\WER\\ReportQueue\\Kernel_193_fc56f3d81d6cb1a493ce155b8560bf1f4dbd803e_00000000_fd264704-a467-4b07-a291-8ed8ba5ef349\r\n\r\nAnalysis symbol: \r\nRechecking for solution: 0\r\nReport Id: fd264704-a467-4b07-a291-8ed8ba5ef349\r\nReport Status: 2049\r\nHashed bucket: \r\nCab Guid: 0",
      "provider_name": "Windows Error Reporting",
      "record_id": 6951,
      "time_created_utc": "2026-09-04T12:22:23.4768062Z"
    },
    {
      "event_process_id": 17448,
      "id": 1001,
      "message": "Fault bucket , type 0\r\nEvent Name: LiveKernelEvent\r\nResponse: Not available\r\nCab Id: 0\r\n\r\nProblem signature:\r\nP1: 193\r\nP2: 801\r\nP3: ffffffffc0000182\r\nP4: 0\r\nP5: 0\r\nP6: 10_0_26200\r\nP7: 0_0\r\nP8: 768_1\r\nP9: \r\nP10: \r\n\r\nAttached files:\r\n\\\\?\\C:\\windows\\LiveKernelReports\\WATCHDOG\\WATCHDOG-20260826-0013.dmp\r\n\\\\?\\C:\\windows\\SystemTemp\\WER-15750-0.sysdata.xml\r\n\\\\?\\C:\\ProgramData\\Microsoft\\Windows\\WER\\Temp\\WER.6ed66eba-0b82-4b1c-88ea-a79540e30142.tmp.xml\r\n\r\nThese files may be available here:\r\n\\\\?\\C:\\ProgramData\\Microsoft\\Windows\\WER\\ReportQueue\\Kernel_193_fc56f3d81d6cb1a493ce155b8560bf1f4dbd803e_00000000_fbfe0b14-a4de-4445-bc63-4fb09d4311b9\r\n\r\nAnalysis symbol: \r\nRechecking for solution: 0\r\nReport Id: fbfe0b14-a4de-4445-bc63-4fb09d4311b9\r\nReport Status: 2049\r\nHashed bucket: \r\nCab Guid: 0",
      "provider_name": "Windows Error Reporting",
      "record_id": 6950,
      "time_created_utc": "2026-09-04T12:22:23.4322149Z"
    },
    {
      "event_process_id": 17448,
      "id": 1001,
      "message": "Fault bucket , type 0\r\nEvent Name: LiveKernelEvent\r\nResponse: Not available\r\nCab Id: 0\r\n\r\nProblem signature:\r\nP1: 193\r\nP2: 801\r\nP3: ffffffffc0000182\r\nP4: 0\r\nP5: 0\r\nP6: 10_0_26200\r\nP7: 0_0\r\nP8: 768_1\r\nP9: \r\nP10: \r\n\r\nAttached files:\r\n\\\\?\\C:\\windows\\LiveKernelReports\\WATCHDOG\\WATCHDOG-20260825-1252.dmp\r\n\\\\?\\C:\\windows\\SystemTemp\\WER-15218-0.sysdata.xml\r\n\\\\?\\C:\\ProgramData\\Microsoft\\Windows\\WER\\Temp\\WER.f9dd82c7-aac5-441f-ba76-27f994bde9b1.tmp.xml\r\n\r\nThese files may be available here:\r\n\\\\?\\C:\\ProgramData\\Microsoft\\Windows\\WER\\ReportQueue\\Kernel_193_fc56f3d81d6cb1a493ce155b8560bf1f4dbd803e_00000000_4c79eb77-5f6e-4dba-8fab-a07d91af421d\r\n\r\nAnalysis symbol: \r\nRechecking for solution: 0\r\nReport Id: 4c79eb77-5f6e-4dba-8fab-a07d91af421d\r\nReport Status: 2049\r\nHashed bucket: \r\nCab Guid: 0",
      "provider_name": "Windows Error Reporting",
      "record_id": 6949,
      "time_created_utc": "2026-09-04T12:22:23.3663823Z"
    },
    {
      "event_process_id": 17448,
      "id": 1001,
      "message": "Fault bucket , type 0\r\nEvent Name: LiveKernelEvent\r\nResponse: Not available\r\nCab Id: 0\r\n\r\nProblem signature:\r\nP1: 1a8\r\nP2: a\r\nP3: 0\r\nP4: 0\r\nP5: 0\r\nP6: 10_0_26200\r\nP7: 0_0\r\nP8: 768_1\r\nP9: \r\nP10: \r\n\r\nAttached files:\r\n\\\\?\\C:\\windows\\LiveKernelReports\\WATCHDOG\\WATCHDOG-20260825-1245.dmp\r\n\\\\?\\C:\\windows\\SystemTemp\\WER-175817437-0.sysdata.xml\r\n\\\\?\\C:\\ProgramData\\Microsoft\\Windows\\WER\\Temp\\WER.62c265da-6fe8-4a65-9a4a-65fcbe804918.tmp.xml\r\n\r\nThese files may be available here:\r\n\\\\?\\C:\\ProgramData\\Microsoft\\Windows\\WER\\ReportQueue\\Kernel_1a8_edf5fb5c0e4a63db4978f4d416e1145b3dc568_00000000_af1ed104-afda-4c91-9235-02a1b4334b29\r\n\r\nAnalysis symbol: \r\nRechecking for solution: 0\r\nReport Id: af1ed104-afda-4c91-9235-02a1b4334b29\r\nReport Status: 2049\r\nHashed bucket: \r\nCab Guid: 0",
      "provider_name": "Windows Error Reporting",
      "record_id": 6948,
      "time_created_utc": "2026-09-04T12:22:23.3158592Z"
    },
    {
      "event_process_id": 17448,
      "id": 1001,
      "message": "Fault bucket , type 0\r\nEvent Name: LiveKernelEvent\r\nResponse: Not available\r\nCab Id: 0\r\n\r\nProblem signature:\r\nP1: 193\r\nP2: 801\r\nP3: ffffffffc0000182\r\nP4: 0\r\nP5: 0\r\nP6: 10_0_26200\r\nP7: 0_0\r\nP8: 768_1\r\nP9: \r\nP10: \r\n\r\nAttached files:\r\n\\\\?\\C:\\windows\\LiveKernelReports\\WATCHDOG\\WATCHDOG-20260823-1155.dmp\r\n\\\\?\\C:\\windows\\SystemTemp\\WER-16812-0.sysdata.xml\r\n\\\\?\\C:\\ProgramData\\Microsoft\\Windows\\WER\\Temp\\WER.f327c842-9aef-4308-ab7c-2bf0d457d7f3.tmp.xml\r\n\r\nThese files may be available here:\r\n\\\\?\\C:\\ProgramData\\Microsoft\\Windows\\WER\\ReportQueue\\Kernel_193_fc56f3d81d6cb1a493ce155b8560bf1f4dbd803e_00000000_d283bfc6-1bc7-438d-8a04-bcfa2b1d3b73\r\n\r\nAnalysis symbol: \r\nRechecking for solution: 0\r\nReport Id: d283bfc6-1bc7-438d-8a04-bcfa2b1d3b73\r\nReport Status: 2051\r\nHashed bucket: \r\nCab Guid: 0",
      "provider_name": "Windows Error Reporting",
      "record_id": 6947,
      "time_created_utc": "2026-09-04T12:22:23.2641001Z"
    },
    {
      "event_process_id": 17448,
      "id": 1001,
      "message": "Fault bucket , type 0\r\nEvent Name: LiveKernelEvent\r\nResponse: Not available\r\nCab Id: 0\r\n\r\nProblem signature:\r\nP1: 193\r\nP2: 801\r\nP3: ffffffffc0000182\r\nP4: 0\r\nP5: 0\r\nP6: 10_0_26200\r\nP7: 0_0\r\nP8: 768_1\r\nP9: \r\nP10: \r\n\r\nAttached files:\r\n\\\\?\\C:\\windows\\LiveKernelReports\\WATCHDOG\\WATCHDOG-20260823-1101.dmp\r\n\\\\?\\C:\\windows\\SystemTemp\\WER-18406-0.sysdata.xml\r\n\\\\?\\C:\\ProgramData\\Microsoft\\Windows\\WER\\Temp\\WER.0985333f-7126-49fc-8d78-b74ac98b705a.tmp.xml\r\n\r\nThese files may be available here:\r\n\\\\?\\C:\\ProgramData\\Microsoft\\Windows\\WER\\ReportQueue\\Kernel_193_fc56f3d81d6cb1a493ce155b8560bf1f4dbd803e_00000000_4932da06-8cdc-4b01-9402-d8583b01a260\r\n\r\nAnalysis symbol: \r\nRechecking for solution: 0\r\nReport Id: 4932da06-8cdc-4b01-9402-d8583b01a260\r\nReport Status: 2051\r\nHashed bucket: \r\nCab Guid: 0",
      "provider_name": "Windows Error Reporting",
      "record_id": 6946,
      "time_created_utc": "2026-09-04T12:22:23.2127182Z"
    },
    {
      "event_process_id": 17448,
      "id": 1001,
      "message": "Fault bucket , type 0\r\nEvent Name: LiveKernelEvent\r\nResponse: Not available\r\nCab Id: 0\r\n\r\nProblem signature:\r\nP1: 193\r\nP2: 801\r\nP3: ffffffffc0000182\r\nP4: 0\r\nP5: 0\r\nP6: 10_0_26200\r\nP7: 0_0\r\nP8: 768_1\r\nP9: \r\nP10: \r\n\r\nAttached files:\r\n\\\\?\\C:\\windows\\LiveKernelReports\\WATCHDOG\\WATCHDOG-20260823-1059.dmp\r\n\\\\?\\C:\\windows\\SystemTemp\\WER-18484-0.sysdata.xml\r\n\\\\?\\C:\\ProgramData\\Microsoft\\Windows\\WER\\Temp\\WER.b1fd306e-ffb1-43e0-9d8f-42c4d875791c.tmp.xml\r\n\r\nThese files may be available here:\r\n\\\\?\\C:\\ProgramData\\Microsoft\\Windows\\WER\\ReportQueue\\Kernel_193_fc56f3d81d6cb1a493ce155b8560bf1f4dbd803e_00000000_6ead5540-ecd1-4056-84d6-af78b7e92514\r\n\r\nAnalysis symbol: \r\nRechecking for solution: 0\r\nReport Id: 6ead5540-ecd1-4056-84d6-af78b7e92514\r\nReport Status: 2051\r\nHashed bucket: \r\nCab Guid: 0",
      "provider_name": "Windows Error Reporting",
      "record_id": 6945,
      "time_created_utc": "2026-09-04T12:22:23.1553505Z"
    },
    {
      "event_process_id": 17448,
      "id": 1001,
      "message": "Fault bucket , type 0\r\nEvent Name: LiveKernelEvent\r\nResponse: Not available\r\nCab Id: 0\r\n\r\nProblem signature:\r\nP1: 1cc\r\nP2: fffff805af18bbc0\r\nP3: ffffbc0ef6b36040\r\nP4: 131\r\nP5: 2d\r\nP6: 10_0_26200\r\nP7: 0_0\r\nP8: 768_1\r\nP9: \r\nP10: \r\n\r\nAttached files:\r\n\\\\?\\C:\\windows\\LiveKernelReports\\ResourceTimeout\\ResourceTimeout-20260818-2034.dmp\r\n\\\\?\\C:\\windows\\SystemTemp\\WER-11722031-0.sysdata.xml\r\n\\\\?\\C:\\windows\\LiveKernelReports\\ResourceTimeout-20260818-2034.dmp\r\n\\\\?\\C:\\ProgramData\\Microsoft\\Windows\\WER\\Temp\\WER.3b345159-6a28-4c5e-b196-1eedb275b786.tmp.xml\r\n\r\nThese files may be available here:\r\n\\\\?\\C:\\ProgramData\\Microsoft\\Windows\\WER\\ReportQueue\\Kernel_1cc_3af292106f4a973c092872c865cbcf95080ad3b_00000000_f30f9fc4-c43e-451f-a5cb-dbf4951d6492\r\n\r\nAnalysis symbol: \r\nRechecking for solution: 0\r\nReport Id: f30f9fc4-c43e-451f-a5cb-dbf4951d6492\r\nReport Status: 2051\r\nHashed bucket: \r\nCab Guid: 0",
      "provider_name": "Windows Error Reporting",
      "record_id": 6944,
      "time_created_utc": "2026-09-04T12:22:23.0945417Z"
    },
    {
      "event_process_id": 17448,
      "id": 1001,
      "message": "Fault bucket , type 0\r\nEvent Name: LiveKernelEvent\r\nResponse: Not available\r\nCab Id: 0\r\n\r\nProblem signature:\r\nP1: 1a8\r\nP2: a\r\nP3: 0\r\nP4: 0\r\nP5: 0\r\nP6: 10_0_26200\r\nP7: 0_0\r\nP8: 768_1\r\nP9: \r\nP10: \r\n\r\nAttached files:\r\n\\\\?\\C:\\windows\\LiveKernelReports\\WATCHDOG\\WATCHDOG-20260818-2011.dmp\r\n\\\\?\\C:\\windows\\SystemTemp\\WER-10358656-0.sysdata.xml\r\n\\\\?\\C:\\ProgramData\\Microsoft\\Windows\\WER\\Temp\\WER.9086f87b-4ceb-4272-bc2a-83a34653d883.tmp.xml\r\n\r\nThese files may be available here:\r\n\\\\?\\C:\\ProgramData\\Microsoft\\Windows\\WER\\ReportQueue\\Kernel_1a8_edf5fb5c0e4a63db4978f4d416e1145b3dc568_00000000_6ed06c73-ce49-4fe0-99fe-ae2add1f3ebf\r\n\r\nAnalysis symbol: \r\nRechecking for solution: 0\r\nReport Id: 6ed06c73-ce49-4fe0-99fe-ae2add1f3ebf\r\nReport Status: 2051\r\nHashed bucket: \r\nCab Guid: 0",
      "provider_name": "Windows Error Reporting",
      "record_id": 6943,
      "time_created_utc": "2026-09-04T12:22:23.0338009Z"
    },
    {
      "event_process_id": 17448,
      "id": 1001,
      "message": "Fault bucket , type 0\r\nEvent Name: LiveKernelEvent\r\nResponse: Not available\r\nCab Id: 0\r\n\r\nProblem signature:\r\nP1: 1a8\r\nP2: a\r\nP3: 0\r\nP4: 0\r\nP5: 0\r\nP6: 10_0_26200\r\nP7: 0_0\r\nP8: 768_1\r\nP9: \r\nP10: \r\n\r\nAttached files:\r\n\\\\?\\C:\\windows\\LiveKernelReports\\WATCHDOG\\WATCHDOG-20260818-1951.dmp\r\n\\\\?\\C:\\windows\\SystemTemp\\WER-9175140-0.sysdata.xml\r\n\\\\?\\C:\\ProgramData\\Microsoft\\Windows\\WER\\Temp\\WER.ccdf3080-a601-4c66-a894-9a581986fbc5.tmp.xml\r\n\r\nThese files may be available here:\r\n\\\\?\\C:\\ProgramData\\Microsoft\\Windows\\WER\\ReportQueue\\Kernel_1a8_edf5fb5c0e4a63db4978f4d416e1145b3dc568_00000000_a003983c-72cc-4fbb-8fa8-84c2b8d35def\r\n\r\nAnalysis symbol: \r\nRechecking for solution: 0\r\nReport Id: a003983c-72cc-4fbb-8fa8-84c2b8d35def\r\nReport Status: 2051\r\nHashed bucket: \r\nCab Guid: 0",
      "provider_name": "Windows Error Reporting",
      "record_id": 6942,
      "time_created_utc": "2026-09-04T12:22:22.9538383Z"
    },
    {
      "event_process_id": 17448,
      "id": 1001,
      "message": "Fault bucket , type 0\r\nEvent Name: LiveKernelEvent\r\nResponse: Not available\r\nCab Id: 0\r\n\r\nProblem signature:\r\nP1: 1a8\r\nP2: a\r\nP3: 0\r\nP4: 0\r\nP5: 0\r\nP6: 10_0_26200\r\nP7: 0_0\r\nP8: 768_1\r\nP9: \r\nP10: \r\n\r\nAttached files:\r\n\\\\?\\C:\\windows\\LiveKernelReports\\WATCHDOG\\WATCHDOG-20260818-1951.dmp\r\n\\\\?\\C:\\windows\\SystemTemp\\WER-9140328-0.sysdata.xml\r\n\\\\?\\C:\\ProgramData\\Microsoft\\Windows\\WER\\Temp\\WER.8100d9e4-57c2-4d1d-97d5-51154fc42a51.tmp.xml\r\n\r\nThese files may be available here:\r\n\\\\?\\C:\\ProgramData\\Microsoft\\Windows\\WER\\ReportQueue\\Kernel_1a8_edf5fb5c0e4a63db4978f4d416e1145b3dc568_00000000_c50ecc8e-b094-4026-974c-53134371aafc\r\n\r\nAnalysis symbol: \r\nRechecking for solution: 0\r\nReport Id: c50ecc8e-b094-4026-974c-53134371aafc\r\nReport Status: 2051\r\nHashed bucket: \r\nCab Guid: 0",
      "provider_name": "Windows Error Reporting",
      "record_id": 6941,
      "time_created_utc": "2026-09-04T12:22:22.8848055Z"
    },
    {
      "event_process_id": 2120,
      "id": 1001,
      "message": "Fault bucket , type 0\r\nEvent Name: BEX64\r\nResponse: Not available\r\nCab Id: 0\r\n\r\nProblem signature:\r\nP1: bridgestan-owned-worker-v1.exe\r\nP2: 0.0.0.0\r\nP3: 6a9ab6e5\r\nP4: StackHash_05d0\r\nP5: 0.0.0.0\r\nP6: 00000000\r\nP7: PCH_9A_FROM_ntdll+0x0000000000160ED4\r\nP8: c0000005\r\nP9: 0000000000000008\r\nP10: \r\n\r\nAttached files:\r\n\r\nThese files may be available here:\r\n\\\\?\\C:\\ProgramData\\Microsoft\\Windows\\WER\\ReportQueue\\AppCrash_bridgestan-owned_4fd9e26452d18395db228ce32394a327cbaacc9d_4bb9bd28_274b1c95-2587-4c21-8f85-37eb9ef09b85\r\n\r\nAnalysis symbol: \r\nRechecking for solution: 0\r\nReport Id: 3051153d-f7d4-43de-b5e4-08e8e07e3462\r\nReport Status: 4\r\nHashed bucket: \r\nCab Guid: 0",
      "provider_name": "Windows Error Reporting",
      "record_id": 6940,
      "time_created_utc": "2026-09-04T12:22:22.7456673Z"
    },
    {
      "event_process_id": 2120,
      "id": 1000,
      "message": "Faulting application name: bridgestan-owned-worker-v1.exe, version: 0.0.0.0, time stamp: 0x6a9ab6e5\r\nFaulting module name: unknown, version: 0.0.0.0, time stamp: 0x00000000\r\nException code: 0xc0000005\r\nFault offset: 0x0000736e69646970\r\nFaulting process id: 0x4460\r\nFaulting application start time: 0x1DD3C68088B85B5\r\nFaulting application path: C:\\dev\\owalnuts-build-bridgestan-owned-comparator-9edcbac\\STUDIES\\bridgestan_owned_worker_v1\\target\\release\\bridgestan-owned-worker-v1.exe\r\nFaulting module path: unknown\r\nReport Id: 3051153d-f7d4-43de-b5e4-08e8e07e3462\r\nFaulting package full name: \r\nFaulting package-relative application ID: ",
      "provider_name": "Application Error",
      "record_id": 6939,
      "time_created_utc": "2026-09-04T12:22:21.4782832Z"
    },
    {
      "event_process_id": 17604,
      "id": 1001,
      "message": "Fault bucket 1961609556692841472, type 4\r\nEvent Name: APPCRASH\r\nResponse: Not available\r\nCab Id: 0\r\n\r\nProblem signature:\r\nP1: bridgestan-owned-worker-v1.exe\r\nP2: 0.0.0.0\r\nP3: 6a9ab6e5\r\nP4: StackHash_75ea\r\nP5: 10.0.26100.8972\r\nP6: 59a29eb0\r\nP7: c0000374\r\nP8: PCH_9A_FROM_ntdll+0x0000000000160ED4\r\nP9: \r\nP10: \r\n\r\nAttached files:\r\n\\\\?\\C:\\ProgramData\\Microsoft\\Windows\\WER\\Temp\\WER.7a557dc6-a2b1-4976-aab2-5dd180b3385d.tmp.dmp\r\n\\\\?\\C:\\ProgramData\\Microsoft\\Windows\\WER\\Temp\\WER.a0d2e8ba-8a26-4a57-ae8d-81bea4974be3.tmp.WERInternalMetadata.xml\r\n\\\\?\\C:\\ProgramData\\Microsoft\\Windows\\WER\\Temp\\WER.7f5c4078-652a-4986-a6bd-f9495afbe41b.tmp.csv\r\n\\\\?\\C:\\ProgramData\\Microsoft\\Windows\\WER\\Temp\\WER.8b8f78c1-73e8-4ce9-be9a-048cfdf40e46.tmp.txt\r\n\\\\?\\C:\\ProgramData\\Microsoft\\Windows\\WER\\Temp\\WER.a86e74f2-61ba-4703-9cea-1711956fdbc7.tmp.xml\r\n\r\nThese files may be available here:\r\n\\\\?\\C:\\ProgramData\\Microsoft\\Windows\\WER\\ReportArchive\\AppCrash_bridgestan-owned_d8d4d84484d16a81742195144fd4d97c552b584_4bb9bd28_a02ba93f-f02e-4c15-99cb-0bc8ca25f3a5\r\n\r\nAnalysis symbol: \r\nRechecking for solution: 0\r\nReport Id: 83bd3e29-30ef-4e88-be34-8017e0875b81\r\nReport Status: 268435456\r\nHashed bucket: 215d2311c57308741b39097faeb03400\r\nCab Guid: 0",
      "provider_name": "Windows Error Reporting",
      "record_id": 6938,
      "time_created_utc": "2026-09-04T12:22:16.1050528Z"
    },
    {
      "event_process_id": 17604,
      "id": 1000,
      "message": "Faulting application name: bridgestan-owned-worker-v1.exe, version: 0.0.0.0, time stamp: 0x6a9ab6e5\r\nFaulting module name: ntdll.dll, version: 10.0.26100.8972, time stamp: 0x59a29eb0\r\nException code: 0xc0000374\r\nFault offset: 0x0000000000112165\r\nFaulting process id: 0x56F8\r\nFaulting application start time: 0x1DD3C68041FCC90\r\nFaulting application path: C:\\dev\\owalnuts-build-bridgestan-owned-comparator-9edcbac\\STUDIES\\bridgestan_owned_worker_v1\\target\\release\\bridgestan-owned-worker-v1.exe\r\nFaulting module path: C:\\windows\\SYSTEM32\\ntdll.dll\r\nReport Id: 83bd3e29-30ef-4e88-be34-8017e0875b81\r\nFaulting package full name: \r\nFaulting package-relative application ID: ",
      "provider_name": "Application Error",
      "record_id": 6937,
      "time_created_utc": "2026-09-04T12:22:14.0602607Z"
    },
    {
      "event_process_id": 11572,
      "id": 1001,
      "message": "Fault bucket 2233737549864309368, type 4\r\nEvent Name: APPCRASH\r\nResponse: Not available\r\nCab Id: 0\r\n\r\nProblem signature:\r\nP1: bridgestan-owned-worker-v1.exe\r\nP2: 0.0.0.0\r\nP3: 6a9ab6e5\r\nP4: libwinpthread-1.dll\r\nP5: 1.0.0.0\r\nP6: 6a69fbd2\r\nP7: c0000005\r\nP8: 0000000000008c89\r\nP9: \r\nP10: \r\n\r\nAttached files:\r\n\\\\?\\C:\\ProgramData\\Microsoft\\Windows\\WER\\Temp\\WER.7d99a6ad-f02e-4515-b61f-f9eb6d8da14c.tmp.WERInternalMetadata.xml\r\n\r\nThese files may be available here:\r\n\\\\?\\C:\\ProgramData\\Microsoft\\Windows\\WER\\ReportArchive\\AppCrash_bridgestan-owned_1c316685562f8e42a1eccae23bf4afdaee7335f_4bb9bd28_af953e26-6273-4093-9b7c-6c6d07e9c9f0\r\n\r\nAnalysis symbol: \r\nRechecking for solution: 0\r\nReport Id: bd3188d6-270f-433c-b87d-226c7c26ccb3\r\nReport Status: 268435456\r\nHashed bucket: 673ced5ad96b874c1effd4777d1d1278\r\nCab Guid: 0",
      "provider_name": "Windows Error Reporting",
      "record_id": 6936,
      "time_created_utc": "2026-09-04T12:22:12.2140149Z"
    },
    {
      "event_process_id": 11572,
      "id": 1001,
      "message": "Fault bucket , type 0\r\nEvent Name: LiveKernelEvent\r\nResponse: Not available\r\nCab Id: 0\r\n\r\nProblem signature:\r\nP1: 193\r\nP2: 801\r\nP3: ffffffffc0000182\r\nP4: 0\r\nP5: 0\r\nP6: 10_0_26200\r\nP7: 0_0\r\nP8: 768_1\r\nP9: \r\nP10: \r\n\r\nAttached files:\r\n\\\\?\\C:\\windows\\LiveKernelReports\\WATCHDOG\\WATCHDOG-20260901-1755.dmp\r\n\\\\?\\C:\\windows\\SystemTemp\\WER-15218-0.sysdata.xml\r\n\\\\?\\C:\\ProgramData\\Microsoft\\Windows\\WER\\Temp\\WER.c70cd3b6-3584-4295-9cb6-78c930b580d8.tmp.xml\r\n\r\nThese files may be available here:\r\n\\\\?\\C:\\ProgramData\\Microsoft\\Windows\\WER\\ReportQueue\\Kernel_193_fc56f3d81d6cb1a493ce155b8560bf1f4dbd803e_00000000_fd264704-a467-4b07-a291-8ed8ba5ef349\r\n\r\nAnalysis symbol: \r\nRechecking for solution: 0\r\nReport Id: fd264704-a467-4b07-a291-8ed8ba5ef349\r\nReport Status: 2049\r\nHashed bucket: \r\nCab Guid: 0",
      "provider_name": "Windows Error Reporting",
      "record_id": 6935,
      "time_created_utc": "2026-09-04T12:22:11.4943757Z"
    },
    {
      "event_process_id": 11572,
      "id": 1001,
      "message": "Fault bucket , type 0\r\nEvent Name: LiveKernelEvent\r\nResponse: Not available\r\nCab Id: 0\r\n\r\nProblem signature:\r\nP1: 193\r\nP2: 801\r\nP3: ffffffffc0000182\r\nP4: 0\r\nP5: 0\r\nP6: 10_0_26200\r\nP7: 0_0\r\nP8: 768_1\r\nP9: \r\nP10: \r\n\r\nAttached files:\r\n\\\\?\\C:\\windows\\LiveKernelReports\\WATCHDOG\\WATCHDOG-20260826-0013.dmp\r\n\\\\?\\C:\\windows\\SystemTemp\\WER-15750-0.sysdata.xml\r\n\\\\?\\C:\\ProgramData\\Microsoft\\Windows\\WER\\Temp\\WER.6ed66eba-0b82-4b1c-88ea-a79540e30142.tmp.xml\r\n\r\nThese files may be available here:\r\n\\\\?\\C:\\ProgramData\\Microsoft\\Windows\\WER\\ReportQueue\\Kernel_193_fc56f3d81d6cb1a493ce155b8560bf1f4dbd803e_00000000_fbfe0b14-a4de-4445-bc63-4fb09d4311b9\r\n\r\nAnalysis symbol: \r\nRechecking for solution: 0\r\nReport Id: fbfe0b14-a4de-4445-bc63-4fb09d4311b9\r\nReport Status: 2049\r\nHashed bucket: \r\nCab Guid: 0",
      "provider_name": "Windows Error Reporting",
      "record_id": 6934,
      "time_created_utc": "2026-09-04T12:22:11.4346627Z"
    },
    {
      "event_process_id": 11572,
      "id": 1001,
      "message": "Fault bucket , type 0\r\nEvent Name: LiveKernelEvent\r\nResponse: Not available\r\nCab Id: 0\r\n\r\nProblem signature:\r\nP1: 193\r\nP2: 801\r\nP3: ffffffffc0000182\r\nP4: 0\r\nP5: 0\r\nP6: 10_0_26200\r\nP7: 0_0\r\nP8: 768_1\r\nP9: \r\nP10: \r\n\r\nAttached files:\r\n\\\\?\\C:\\windows\\LiveKernelReports\\WATCHDOG\\WATCHDOG-20260825-1252.dmp\r\n\\\\?\\C:\\windows\\SystemTemp\\WER-15218-0.sysdata.xml\r\n\\\\?\\C:\\ProgramData\\Microsoft\\Windows\\WER\\Temp\\WER.f9dd82c7-aac5-441f-ba76-27f994bde9b1.tmp.xml\r\n\r\nThese files may be available here:\r\n\\\\?\\C:\\ProgramData\\Microsoft\\Windows\\WER\\ReportQueue\\Kernel_193_fc56f3d81d6cb1a493ce155b8560bf1f4dbd803e_00000000_4c79eb77-5f6e-4dba-8fab-a07d91af421d\r\n\r\nAnalysis symbol: \r\nRechecking for solution: 0\r\nReport Id: 4c79eb77-5f6e-4dba-8fab-a07d91af421d\r\nReport Status: 2049\r\nHashed bucket: \r\nCab Guid: 0",
      "provider_name": "Windows Error Reporting",
      "record_id": 6933,
      "time_created_utc": "2026-09-04T12:22:11.3734525Z"
    },
