    {
      "event_process_id": 11572,
      "id": 1001,
      "message": "Fault bucket , type 0\r\nEvent Name: LiveKernelEvent\r\nResponse: Not available\r\nCab Id: 0\r\n\r\nProblem signature:\r\nP1: 1a8\r\nP2: a\r\nP3: 0\r\nP4: 0\r\nP5: 0\r\nP6: 10_0_26200\r\nP7: 0_0\r\nP8: 768_1\r\nP9: \r\nP10: \r\n\r\nAttached files:\r\n\\\\?\\C:\\windows\\LiveKernelReports\\WATCHDOG\\WATCHDOG-20260825-1245.dmp\r\n\\\\?\\C:\\windows\\SystemTemp\\WER-175817437-0.sysdata.xml\r\n\\\\?\\C:\\ProgramData\\Microsoft\\Windows\\WER\\Temp\\WER.62c265da-6fe8-4a65-9a4a-65fcbe804918.tmp.xml\r\n\r\nThese files may be available here:\r\n\\\\?\\C:\\ProgramData\\Microsoft\\Windows\\WER\\ReportQueue\\Kernel_1a8_edf5fb5c0e4a63db4978f4d416e1145b3dc568_00000000_af1ed104-afda-4c91-9235-02a1b4334b29\r\n\r\nAnalysis symbol: \r\nRechecking for solution: 0\r\nReport Id: af1ed104-afda-4c91-9235-02a1b4334b29\r\nReport Status: 2049\r\nHashed bucket: \r\nCab Guid: 0",
      "provider_name": "Windows Error Reporting",
      "record_id": 6932,
      "time_created_utc": "2026-09-04T12:22:11.3079535Z"
    },
    {
      "event_process_id": 11572,
      "id": 1001,
      "message": "Fault bucket , type 0\r\nEvent Name: LiveKernelEvent\r\nResponse: Not available\r\nCab Id: 0\r\n\r\nProblem signature:\r\nP1: 193\r\nP2: 801\r\nP3: ffffffffc0000182\r\nP4: 0\r\nP5: 0\r\nP6: 10_0_26200\r\nP7: 0_0\r\nP8: 768_1\r\nP9: \r\nP10: \r\n\r\nAttached files:\r\n\\\\?\\C:\\windows\\LiveKernelReports\\WATCHDOG\\WATCHDOG-20260823-1155.dmp\r\n\\\\?\\C:\\windows\\SystemTemp\\WER-16812-0.sysdata.xml\r\n\\\\?\\C:\\ProgramData\\Microsoft\\Windows\\WER\\Temp\\WER.f327c842-9aef-4308-ab7c-2bf0d457d7f3.tmp.xml\r\n\r\nThese files may be available here:\r\n\\\\?\\C:\\ProgramData\\Microsoft\\Windows\\WER\\ReportQueue\\Kernel_193_fc56f3d81d6cb1a493ce155b8560bf1f4dbd803e_00000000_d283bfc6-1bc7-438d-8a04-bcfa2b1d3b73\r\n\r\nAnalysis symbol: \r\nRechecking for solution: 0\r\nReport Id: d283bfc6-1bc7-438d-8a04-bcfa2b1d3b73\r\nReport Status: 2051\r\nHashed bucket: \r\nCab Guid: 0",
      "provider_name": "Windows Error Reporting",
      "record_id": 6931,
      "time_created_utc": "2026-09-04T12:22:11.2564929Z"
    },
    {
      "event_process_id": 11572,
      "id": 1001,
      "message": "Fault bucket , type 0\r\nEvent Name: LiveKernelEvent\r\nResponse: Not available\r\nCab Id: 0\r\n\r\nProblem signature:\r\nP1: 193\r\nP2: 801\r\nP3: ffffffffc0000182\r\nP4: 0\r\nP5: 0\r\nP6: 10_0_26200\r\nP7: 0_0\r\nP8: 768_1\r\nP9: \r\nP10: \r\n\r\nAttached files:\r\n\\\\?\\C:\\windows\\LiveKernelReports\\WATCHDOG\\WATCHDOG-20260823-1101.dmp\r\n\\\\?\\C:\\windows\\SystemTemp\\WER-18406-0.sysdata.xml\r\n\\\\?\\C:\\ProgramData\\Microsoft\\Windows\\WER\\Temp\\WER.0985333f-7126-49fc-8d78-b74ac98b705a.tmp.xml\r\n\r\nThese files may be available here:\r\n\\\\?\\C:\\ProgramData\\Microsoft\\Windows\\WER\\ReportQueue\\Kernel_193_fc56f3d81d6cb1a493ce155b8560bf1f4dbd803e_00000000_4932da06-8cdc-4b01-9402-d8583b01a260\r\n\r\nAnalysis symbol: \r\nRechecking for solution: 0\r\nReport Id: 4932da06-8cdc-4b01-9402-d8583b01a260\r\nReport Status: 2051\r\nHashed bucket: \r\nCab Guid: 0",
      "provider_name": "Windows Error Reporting",
      "record_id": 6930,
      "time_created_utc": "2026-09-04T12:22:11.2138814Z"
    },
    {
      "event_process_id": 11572,
      "id": 1001,
      "message": "Fault bucket , type 0\r\nEvent Name: LiveKernelEvent\r\nResponse: Not available\r\nCab Id: 0\r\n\r\nProblem signature:\r\nP1: 193\r\nP2: 801\r\nP3: ffffffffc0000182\r\nP4: 0\r\nP5: 0\r\nP6: 10_0_26200\r\nP7: 0_0\r\nP8: 768_1\r\nP9: \r\nP10: \r\n\r\nAttached files:\r\n\\\\?\\C:\\windows\\LiveKernelReports\\WATCHDOG\\WATCHDOG-20260823-1059.dmp\r\n\\\\?\\C:\\windows\\SystemTemp\\WER-18484-0.sysdata.xml\r\n\\\\?\\C:\\ProgramData\\Microsoft\\Windows\\WER\\Temp\\WER.b1fd306e-ffb1-43e0-9d8f-42c4d875791c.tmp.xml\r\n\r\nThese files may be available here:\r\n\\\\?\\C:\\ProgramData\\Microsoft\\Windows\\WER\\ReportQueue\\Kernel_193_fc56f3d81d6cb1a493ce155b8560bf1f4dbd803e_00000000_6ead5540-ecd1-4056-84d6-af78b7e92514\r\n\r\nAnalysis symbol: \r\nRechecking for solution: 0\r\nReport Id: 6ead5540-ecd1-4056-84d6-af78b7e92514\r\nReport Status: 2051\r\nHashed bucket: \r\nCab Guid: 0",
      "provider_name": "Windows Error Reporting",
      "record_id": 6929,
      "time_created_utc": "2026-09-04T12:22:11.1724282Z"
    },
    {
      "event_process_id": 11572,
      "id": 1001,
      "message": "Fault bucket , type 0\r\nEvent Name: LiveKernelEvent\r\nResponse: Not available\r\nCab Id: 0\r\n\r\nProblem signature:\r\nP1: 1cc\r\nP2: fffff805af18bbc0\r\nP3: ffffbc0ef6b36040\r\nP4: 131\r\nP5: 2d\r\nP6: 10_0_26200\r\nP7: 0_0\r\nP8: 768_1\r\nP9: \r\nP10: \r\n\r\nAttached files:\r\n\\\\?\\C:\\windows\\LiveKernelReports\\ResourceTimeout\\ResourceTimeout-20260818-2034.dmp\r\n\\\\?\\C:\\windows\\SystemTemp\\WER-11722031-0.sysdata.xml\r\n\\\\?\\C:\\windows\\LiveKernelReports\\ResourceTimeout-20260818-2034.dmp\r\n\\\\?\\C:\\ProgramData\\Microsoft\\Windows\\WER\\Temp\\WER.3b345159-6a28-4c5e-b196-1eedb275b786.tmp.xml\r\n\r\nThese files may be available here:\r\n\\\\?\\C:\\ProgramData\\Microsoft\\Windows\\WER\\ReportQueue\\Kernel_1cc_3af292106f4a973c092872c865cbcf95080ad3b_00000000_f30f9fc4-c43e-451f-a5cb-dbf4951d6492\r\n\r\nAnalysis symbol: \r\nRechecking for solution: 0\r\nReport Id: f30f9fc4-c43e-451f-a5cb-dbf4951d6492\r\nReport Status: 2051\r\nHashed bucket: \r\nCab Guid: 0",
      "provider_name": "Windows Error Reporting",
      "record_id": 6928,
      "time_created_utc": "2026-09-04T12:22:11.1349381Z"
    },
    {
      "event_process_id": 11572,
      "id": 1001,
      "message": "Fault bucket , type 0\r\nEvent Name: LiveKernelEvent\r\nResponse: Not available\r\nCab Id: 0\r\n\r\nProblem signature:\r\nP1: 1a8\r\nP2: a\r\nP3: 0\r\nP4: 0\r\nP5: 0\r\nP6: 10_0_26200\r\nP7: 0_0\r\nP8: 768_1\r\nP9: \r\nP10: \r\n\r\nAttached files:\r\n\\\\?\\C:\\windows\\LiveKernelReports\\WATCHDOG\\WATCHDOG-20260818-2011.dmp\r\n\\\\?\\C:\\windows\\SystemTemp\\WER-10358656-0.sysdata.xml\r\n\\\\?\\C:\\ProgramData\\Microsoft\\Windows\\WER\\Temp\\WER.9086f87b-4ceb-4272-bc2a-83a34653d883.tmp.xml\r\n\r\nThese files may be available here:\r\n\\\\?\\C:\\ProgramData\\Microsoft\\Windows\\WER\\ReportQueue\\Kernel_1a8_edf5fb5c0e4a63db4978f4d416e1145b3dc568_00000000_6ed06c73-ce49-4fe0-99fe-ae2add1f3ebf\r\n\r\nAnalysis symbol: \r\nRechecking for solution: 0\r\nReport Id: 6ed06c73-ce49-4fe0-99fe-ae2add1f3ebf\r\nReport Status: 2051\r\nHashed bucket: \r\nCab Guid: 0",
      "provider_name": "Windows Error Reporting",
      "record_id": 6927,
      "time_created_utc": "2026-09-04T12:22:11.0999348Z"
    },
    {
      "event_process_id": 11572,
      "id": 1001,
      "message": "Fault bucket , type 0\r\nEvent Name: LiveKernelEvent\r\nResponse: Not available\r\nCab Id: 0\r\n\r\nProblem signature:\r\nP1: 1a8\r\nP2: a\r\nP3: 0\r\nP4: 0\r\nP5: 0\r\nP6: 10_0_26200\r\nP7: 0_0\r\nP8: 768_1\r\nP9: \r\nP10: \r\n\r\nAttached files:\r\n\\\\?\\C:\\windows\\LiveKernelReports\\WATCHDOG\\WATCHDOG-20260818-1951.dmp\r\n\\\\?\\C:\\windows\\SystemTemp\\WER-9175140-0.sysdata.xml\r\n\\\\?\\C:\\ProgramData\\Microsoft\\Windows\\WER\\Temp\\WER.ccdf3080-a601-4c66-a894-9a581986fbc5.tmp.xml\r\n\r\nThese files may be available here:\r\n\\\\?\\C:\\ProgramData\\Microsoft\\Windows\\WER\\ReportQueue\\Kernel_1a8_edf5fb5c0e4a63db4978f4d416e1145b3dc568_00000000_a003983c-72cc-4fbb-8fa8-84c2b8d35def\r\n\r\nAnalysis symbol: \r\nRechecking for solution: 0\r\nReport Id: a003983c-72cc-4fbb-8fa8-84c2b8d35def\r\nReport Status: 2051\r\nHashed bucket: \r\nCab Guid: 0",
      "provider_name": "Windows Error Reporting",
      "record_id": 6926,
      "time_created_utc": "2026-09-04T12:22:11.0642947Z"
    },
    {
      "event_process_id": 11572,
      "id": 1001,
      "message": "Fault bucket , type 0\r\nEvent Name: LiveKernelEvent\r\nResponse: Not available\r\nCab Id: 0\r\n\r\nProblem signature:\r\nP1: 1a8\r\nP2: a\r\nP3: 0\r\nP4: 0\r\nP5: 0\r\nP6: 10_0_26200\r\nP7: 0_0\r\nP8: 768_1\r\nP9: \r\nP10: \r\n\r\nAttached files:\r\n\\\\?\\C:\\windows\\LiveKernelReports\\WATCHDOG\\WATCHDOG-20260818-1951.dmp\r\n\\\\?\\C:\\windows\\SystemTemp\\WER-9140328-0.sysdata.xml\r\n\\\\?\\C:\\ProgramData\\Microsoft\\Windows\\WER\\Temp\\WER.8100d9e4-57c2-4d1d-97d5-51154fc42a51.tmp.xml\r\n\r\nThese files may be available here:\r\n\\\\?\\C:\\ProgramData\\Microsoft\\Windows\\WER\\ReportQueue\\Kernel_1a8_edf5fb5c0e4a63db4978f4d416e1145b3dc568_00000000_c50ecc8e-b094-4026-974c-53134371aafc\r\n\r\nAnalysis symbol: \r\nRechecking for solution: 0\r\nReport Id: c50ecc8e-b094-4026-974c-53134371aafc\r\nReport Status: 2051\r\nHashed bucket: \r\nCab Guid: 0",
      "provider_name": "Windows Error Reporting",
      "record_id": 6925,
      "time_created_utc": "2026-09-04T12:22:11.0246928Z"
    },
    {
      "event_process_id": 30724,
      "id": 1001,
      "message": "Fault bucket , type 0\r\nEvent Name: APPCRASH\r\nResponse: Not available\r\nCab Id: 0\r\n\r\nProblem signature:\r\nP1: bridgestan-owned-worker-v1.exe\r\nP2: 0.0.0.0\r\nP3: 6a9ab6e5\r\nP4: libwinpthread-1.dll\r\nP5: 1.0.0.0\r\nP6: 6a69fbd2\r\nP7: c0000005\r\nP8: 0000000000008c89\r\nP9: \r\nP10: \r\n\r\nAttached files:\r\n\r\nThese files may be available here:\r\n\\\\?\\C:\\ProgramData\\Microsoft\\Windows\\WER\\ReportQueue\\AppCrash_bridgestan-owned_1c316685562f8e42a1eccae23bf4afdaee7335f_4bb9bd28_af953e26-6273-4093-9b7c-6c6d07e9c9f0\r\n\r\nAnalysis symbol: \r\nRechecking for solution: 0\r\nReport Id: bd3188d6-270f-433c-b87d-226c7c26ccb3\r\nReport Status: 4\r\nHashed bucket: \r\nCab Guid: 0",
      "provider_name": "Windows Error Reporting",
      "record_id": 6924,
      "time_created_utc": "2026-09-04T12:22:10.9337387Z"
    },
    {
      "event_process_id": 36480,
      "id": 1001,
      "message": "Fault bucket 2233737549864309368, type 4\r\nEvent Name: APPCRASH\r\nResponse: Not available\r\nCab Id: 0\r\n\r\nProblem signature:\r\nP1: bridgestan-owned-worker-v1.exe\r\nP2: 0.0.0.0\r\nP3: 6a9ab6e5\r\nP4: libwinpthread-1.dll\r\nP5: 1.0.0.0\r\nP6: 6a69fbd2\r\nP7: c0000005\r\nP8: 0000000000008c89\r\nP9: \r\nP10: \r\n\r\nAttached files:\r\n\\\\?\\C:\\ProgramData\\Microsoft\\Windows\\WER\\Temp\\WER.f263e7d5-3978-4b73-a15c-f7461e56345a.tmp.WERInternalMetadata.xml\r\n\r\nThese files may be available here:\r\n\\\\?\\C:\\ProgramData\\Microsoft\\Windows\\WER\\ReportArchive\\AppCrash_bridgestan-owned_1c316685562f8e42a1eccae23bf4afdaee7335f_4bb9bd28_cbbf9af3-a42b-4ee6-9452-cb8c6bfd4d75\r\n\r\nAnalysis symbol: \r\nRechecking for solution: 0\r\nReport Id: 5dbe1cad-40f5-429c-a953-0a18a2811242\r\nReport Status: 268435456\r\nHashed bucket: 673ced5ad96b874c1effd4777d1d1278\r\nCab Guid: 0",
      "provider_name": "Windows Error Reporting",
      "record_id": 6923,
      "time_created_utc": "2026-09-04T12:22:09.9757806Z"
    },
    {
      "event_process_id": 30724,
      "id": 1000,
      "message": "Faulting application name: bridgestan-owned-worker-v1.exe, version: 0.0.0.0, time stamp: 0x6a9ab6e5\r\nFaulting module name: libwinpthread-1.dll, version: 1.0.0.0, time stamp: 0x6a69fbd2\r\nException code: 0xc0000005\r\nFault offset: 0x0000000000008c89\r\nFaulting process id: 0x7F38\r\nFaulting application start time: 0x1DD3C68018E25DA\r\nFaulting application path: C:\\dev\\owalnuts-build-bridgestan-owned-comparator-9edcbac\\STUDIES\\bridgestan_owned_worker_v1\\target\\release\\bridgestan-owned-worker-v1.exe\r\nFaulting module path: C:\\Users\\dhruv\\AppData\\Local\\Microsoft\\WinGet\\Packages\\BrechtSanders.WinLibs.POSIX.UCRT_Microsoft.Winget.Source_8wekyb3d8bbwe\\mingw64\\bin\\libwinpthread-1.dll\r\nReport Id: bd3188d6-270f-433c-b87d-226c7c26ccb3\r\nFaulting package full name: \r\nFaulting package-relative application ID: ",
      "provider_name": "Application Error",
      "record_id": 6922,
      "time_created_utc": "2026-09-04T12:22:09.7689248Z"
    },
    {
      "event_process_id": 36480,
      "id": 1001,
      "message": "Fault bucket , type 0\r\nEvent Name: LiveKernelEvent\r\nResponse: Not available\r\nCab Id: 0\r\n\r\nProblem signature:\r\nP1: 193\r\nP2: 801\r\nP3: ffffffffc0000182\r\nP4: 0\r\nP5: 0\r\nP6: 10_0_26200\r\nP7: 0_0\r\nP8: 768_1\r\nP9: \r\nP10: \r\n\r\nAttached files:\r\n\\\\?\\C:\\windows\\LiveKernelReports\\WATCHDOG\\WATCHDOG-20260901-1755.dmp\r\n\\\\?\\C:\\windows\\SystemTemp\\WER-15218-0.sysdata.xml\r\n\\\\?\\C:\\ProgramData\\Microsoft\\Windows\\WER\\Temp\\WER.c70cd3b6-3584-4295-9cb6-78c930b580d8.tmp.xml\r\n\r\nThese files may be available here:\r\n\\\\?\\C:\\ProgramData\\Microsoft\\Windows\\WER\\ReportQueue\\Kernel_193_fc56f3d81d6cb1a493ce155b8560bf1f4dbd803e_00000000_fd264704-a467-4b07-a291-8ed8ba5ef349\r\n\r\nAnalysis symbol: \r\nRechecking for solution: 0\r\nReport Id: fd264704-a467-4b07-a291-8ed8ba5ef349\r\nReport Status: 2049\r\nHashed bucket: \r\nCab Guid: 0",
      "provider_name": "Windows Error Reporting",
      "record_id": 6921,
      "time_created_utc": "2026-09-04T12:22:09.2768279Z"
    },
    {
      "event_process_id": 36480,
      "id": 1001,
      "message": "Fault bucket , type 0\r\nEvent Name: LiveKernelEvent\r\nResponse: Not available\r\nCab Id: 0\r\n\r\nProblem signature:\r\nP1: 193\r\nP2: 801\r\nP3: ffffffffc0000182\r\nP4: 0\r\nP5: 0\r\nP6: 10_0_26200\r\nP7: 0_0\r\nP8: 768_1\r\nP9: \r\nP10: \r\n\r\nAttached files:\r\n\\\\?\\C:\\windows\\LiveKernelReports\\WATCHDOG\\WATCHDOG-20260826-0013.dmp\r\n\\\\?\\C:\\windows\\SystemTemp\\WER-15750-0.sysdata.xml\r\n\\\\?\\C:\\ProgramData\\Microsoft\\Windows\\WER\\Temp\\WER.6ed66eba-0b82-4b1c-88ea-a79540e30142.tmp.xml\r\n\r\nThese files may be available here:\r\n\\\\?\\C:\\ProgramData\\Microsoft\\Windows\\WER\\ReportQueue\\Kernel_193_fc56f3d81d6cb1a493ce155b8560bf1f4dbd803e_00000000_fbfe0b14-a4de-4445-bc63-4fb09d4311b9\r\n\r\nAnalysis symbol: \r\nRechecking for solution: 0\r\nReport Id: fbfe0b14-a4de-4445-bc63-4fb09d4311b9\r\nReport Status: 2049\r\nHashed bucket: \r\nCab Guid: 0",
      "provider_name": "Windows Error Reporting",
      "record_id": 6920,
      "time_created_utc": "2026-09-04T12:22:09.2133012Z"
    },
    {
      "event_process_id": 36480,
      "id": 1001,
      "message": "Fault bucket , type 0\r\nEvent Name: LiveKernelEvent\r\nResponse: Not available\r\nCab Id: 0\r\n\r\nProblem signature:\r\nP1: 193\r\nP2: 801\r\nP3: ffffffffc0000182\r\nP4: 0\r\nP5: 0\r\nP6: 10_0_26200\r\nP7: 0_0\r\nP8: 768_1\r\nP9: \r\nP10: \r\n\r\nAttached files:\r\n\\\\?\\C:\\windows\\LiveKernelReports\\WATCHDOG\\WATCHDOG-20260825-1252.dmp\r\n\\\\?\\C:\\windows\\SystemTemp\\WER-15218-0.sysdata.xml\r\n\\\\?\\C:\\ProgramData\\Microsoft\\Windows\\WER\\Temp\\WER.f9dd82c7-aac5-441f-ba76-27f994bde9b1.tmp.xml\r\n\r\nThese files may be available here:\r\n\\\\?\\C:\\ProgramData\\Microsoft\\Windows\\WER\\ReportQueue\\Kernel_193_fc56f3d81d6cb1a493ce155b8560bf1f4dbd803e_00000000_4c79eb77-5f6e-4dba-8fab-a07d91af421d\r\n\r\nAnalysis symbol: \r\nRechecking for solution: 0\r\nReport Id: 4c79eb77-5f6e-4dba-8fab-a07d91af421d\r\nReport Status: 2049\r\nHashed bucket: \r\nCab Guid: 0",
      "provider_name": "Windows Error Reporting",
      "record_id": 6919,
      "time_created_utc": "2026-09-04T12:22:09.1422734Z"
    },
    {
      "event_process_id": 36480,
      "id": 1001,
      "message": "Fault bucket , type 0\r\nEvent Name: LiveKernelEvent\r\nResponse: Not available\r\nCab Id: 0\r\n\r\nProblem signature:\r\nP1: 1a8\r\nP2: a\r\nP3: 0\r\nP4: 0\r\nP5: 0\r\nP6: 10_0_26200\r\nP7: 0_0\r\nP8: 768_1\r\nP9: \r\nP10: \r\n\r\nAttached files:\r\n\\\\?\\C:\\windows\\LiveKernelReports\\WATCHDOG\\WATCHDOG-20260825-1245.dmp\r\n\\\\?\\C:\\windows\\SystemTemp\\WER-175817437-0.sysdata.xml\r\n\\\\?\\C:\\ProgramData\\Microsoft\\Windows\\WER\\Temp\\WER.62c265da-6fe8-4a65-9a4a-65fcbe804918.tmp.xml\r\n\r\nThese files may be available here:\r\n\\\\?\\C:\\ProgramData\\Microsoft\\Windows\\WER\\ReportQueue\\Kernel_1a8_edf5fb5c0e4a63db4978f4d416e1145b3dc568_00000000_af1ed104-afda-4c91-9235-02a1b4334b29\r\n\r\nAnalysis symbol: \r\nRechecking for solution: 0\r\nReport Id: af1ed104-afda-4c91-9235-02a1b4334b29\r\nReport Status: 2049\r\nHashed bucket: \r\nCab Guid: 0",
      "provider_name": "Windows Error Reporting",
      "record_id": 6918,
      "time_created_utc": "2026-09-04T12:22:09.0833911Z"
    },
    {
      "event_process_id": 36480,
      "id": 1001,
      "message": "Fault bucket , type 0\r\nEvent Name: LiveKernelEvent\r\nResponse: Not available\r\nCab Id: 0\r\n\r\nProblem signature:\r\nP1: 193\r\nP2: 801\r\nP3: ffffffffc0000182\r\nP4: 0\r\nP5: 0\r\nP6: 10_0_26200\r\nP7: 0_0\r\nP8: 768_1\r\nP9: \r\nP10: \r\n\r\nAttached files:\r\n\\\\?\\C:\\windows\\LiveKernelReports\\WATCHDOG\\WATCHDOG-20260823-1155.dmp\r\n\\\\?\\C:\\windows\\SystemTemp\\WER-16812-0.sysdata.xml\r\n\\\\?\\C:\\ProgramData\\Microsoft\\Windows\\WER\\Temp\\WER.f327c842-9aef-4308-ab7c-2bf0d457d7f3.tmp.xml\r\n\r\nThese files may be available here:\r\n\\\\?\\C:\\ProgramData\\Microsoft\\Windows\\WER\\ReportQueue\\Kernel_193_fc56f3d81d6cb1a493ce155b8560bf1f4dbd803e_00000000_d283bfc6-1bc7-438d-8a04-bcfa2b1d3b73\r\n\r\nAnalysis symbol: \r\nRechecking for solution: 0\r\nReport Id: d283bfc6-1bc7-438d-8a04-bcfa2b1d3b73\r\nReport Status: 2051\r\nHashed bucket: \r\nCab Guid: 0",
      "provider_name": "Windows Error Reporting",
      "record_id": 6917,
      "time_created_utc": "2026-09-04T12:22:09.0313582Z"
    },
    {
      "event_process_id": 36480,
      "id": 1001,
      "message": "Fault bucket , type 0\r\nEvent Name: LiveKernelEvent\r\nResponse: Not available\r\nCab Id: 0\r\n\r\nProblem signature:\r\nP1: 193\r\nP2: 801\r\nP3: ffffffffc0000182\r\nP4: 0\r\nP5: 0\r\nP6: 10_0_26200\r\nP7: 0_0\r\nP8: 768_1\r\nP9: \r\nP10: \r\n\r\nAttached files:\r\n\\\\?\\C:\\windows\\LiveKernelReports\\WATCHDOG\\WATCHDOG-20260823-1101.dmp\r\n\\\\?\\C:\\windows\\SystemTemp\\WER-18406-0.sysdata.xml\r\n\\\\?\\C:\\ProgramData\\Microsoft\\Windows\\WER\\Temp\\WER.0985333f-7126-49fc-8d78-b74ac98b705a.tmp.xml\r\n\r\nThese files may be available here:\r\n\\\\?\\C:\\ProgramData\\Microsoft\\Windows\\WER\\ReportQueue\\Kernel_193_fc56f3d81d6cb1a493ce155b8560bf1f4dbd803e_00000000_4932da06-8cdc-4b01-9402-d8583b01a260\r\n\r\nAnalysis symbol: \r\nRechecking for solution: 0\r\nReport Id: 4932da06-8cdc-4b01-9402-d8583b01a260\r\nReport Status: 2051\r\nHashed bucket: \r\nCab Guid: 0",
      "provider_name": "Windows Error Reporting",
      "record_id": 6916,
      "time_created_utc": "2026-09-04T12:22:08.9781997Z"
    },
    {
      "event_process_id": 36480,
      "id": 1001,
      "message": "Fault bucket , type 0\r\nEvent Name: LiveKernelEvent\r\nResponse: Not available\r\nCab Id: 0\r\n\r\nProblem signature:\r\nP1: 193\r\nP2: 801\r\nP3: ffffffffc0000182\r\nP4: 0\r\nP5: 0\r\nP6: 10_0_26200\r\nP7: 0_0\r\nP8: 768_1\r\nP9: \r\nP10: \r\n\r\nAttached files:\r\n\\\\?\\C:\\windows\\LiveKernelReports\\WATCHDOG\\WATCHDOG-20260823-1059.dmp\r\n\\\\?\\C:\\windows\\SystemTemp\\WER-18484-0.sysdata.xml\r\n\\\\?\\C:\\ProgramData\\Microsoft\\Windows\\WER\\Temp\\WER.b1fd306e-ffb1-43e0-9d8f-42c4d875791c.tmp.xml\r\n\r\nThese files may be available here:\r\n\\\\?\\C:\\ProgramData\\Microsoft\\Windows\\WER\\ReportQueue\\Kernel_193_fc56f3d81d6cb1a493ce155b8560bf1f4dbd803e_00000000_6ead5540-ecd1-4056-84d6-af78b7e92514\r\n\r\nAnalysis symbol: \r\nRechecking for solution: 0\r\nReport Id: 6ead5540-ecd1-4056-84d6-af78b7e92514\r\nReport Status: 2051\r\nHashed bucket: \r\nCab Guid: 0",
      "provider_name": "Windows Error Reporting",
      "record_id": 6915,
      "time_created_utc": "2026-09-04T12:22:08.9042696Z"
    },
    {
      "event_process_id": 36480,
      "id": 1001,
      "message": "Fault bucket , type 0\r\nEvent Name: LiveKernelEvent\r\nResponse: Not available\r\nCab Id: 0\r\n\r\nProblem signature:\r\nP1: 1cc\r\nP2: fffff805af18bbc0\r\nP3: ffffbc0ef6b36040\r\nP4: 131\r\nP5: 2d\r\nP6: 10_0_26200\r\nP7: 0_0\r\nP8: 768_1\r\nP9: \r\nP10: \r\n\r\nAttached files:\r\n\\\\?\\C:\\windows\\LiveKernelReports\\ResourceTimeout\\ResourceTimeout-20260818-2034.dmp\r\n\\\\?\\C:\\windows\\SystemTemp\\WER-11722031-0.sysdata.xml\r\n\\\\?\\C:\\windows\\LiveKernelReports\\ResourceTimeout-20260818-2034.dmp\r\n\\\\?\\C:\\ProgramData\\Microsoft\\Windows\\WER\\Temp\\WER.3b345159-6a28-4c5e-b196-1eedb275b786.tmp.xml\r\n\r\nThese files may be available here:\r\n\\\\?\\C:\\ProgramData\\Microsoft\\Windows\\WER\\ReportQueue\\Kernel_1cc_3af292106f4a973c092872c865cbcf95080ad3b_00000000_f30f9fc4-c43e-451f-a5cb-dbf4951d6492\r\n\r\nAnalysis symbol: \r\nRechecking for solution: 0\r\nReport Id: f30f9fc4-c43e-451f-a5cb-dbf4951d6492\r\nReport Status: 2051\r\nHashed bucket: \r\nCab Guid: 0",
      "provider_name": "Windows Error Reporting",
      "record_id": 6914,
      "time_created_utc": "2026-09-04T12:22:08.8606370Z"
    },
    {
      "event_process_id": 36480,
      "id": 1001,
      "message": "Fault bucket , type 0\r\nEvent Name: LiveKernelEvent\r\nResponse: Not available\r\nCab Id: 0\r\n\r\nProblem signature:\r\nP1: 1a8\r\nP2: a\r\nP3: 0\r\nP4: 0\r\nP5: 0\r\nP6: 10_0_26200\r\nP7: 0_0\r\nP8: 768_1\r\nP9: \r\nP10: \r\n\r\nAttached files:\r\n\\\\?\\C:\\windows\\LiveKernelReports\\WATCHDOG\\WATCHDOG-20260818-2011.dmp\r\n\\\\?\\C:\\windows\\SystemTemp\\WER-10358656-0.sysdata.xml\r\n\\\\?\\C:\\ProgramData\\Microsoft\\Windows\\WER\\Temp\\WER.9086f87b-4ceb-4272-bc2a-83a34653d883.tmp.xml\r\n\r\nThese files may be available here:\r\n\\\\?\\C:\\ProgramData\\Microsoft\\Windows\\WER\\ReportQueue\\Kernel_1a8_edf5fb5c0e4a63db4978f4d416e1145b3dc568_00000000_6ed06c73-ce49-4fe0-99fe-ae2add1f3ebf\r\n\r\nAnalysis symbol: \r\nRechecking for solution: 0\r\nReport Id: 6ed06c73-ce49-4fe0-99fe-ae2add1f3ebf\r\nReport Status: 2051\r\nHashed bucket: \r\nCab Guid: 0",
      "provider_name": "Windows Error Reporting",
      "record_id": 6913,
      "time_created_utc": "2026-09-04T12:22:08.7448861Z"
    },
    {
      "event_process_id": 36480,
      "id": 1001,
      "message": "Fault bucket , type 0\r\nEvent Name: LiveKernelEvent\r\nResponse: Not available\r\nCab Id: 0\r\n\r\nProblem signature:\r\nP1: 1a8\r\nP2: a\r\nP3: 0\r\nP4: 0\r\nP5: 0\r\nP6: 10_0_26200\r\nP7: 0_0\r\nP8: 768_1\r\nP9: \r\nP10: \r\n\r\nAttached files:\r\n\\\\?\\C:\\windows\\LiveKernelReports\\WATCHDOG\\WATCHDOG-20260818-1951.dmp\r\n\\\\?\\C:\\windows\\SystemTemp\\WER-9175140-0.sysdata.xml\r\n\\\\?\\C:\\ProgramData\\Microsoft\\Windows\\WER\\Temp\\WER.ccdf3080-a601-4c66-a894-9a581986fbc5.tmp.xml\r\n\r\nThese files may be available here:\r\n\\\\?\\C:\\ProgramData\\Microsoft\\Windows\\WER\\ReportQueue\\Kernel_1a8_edf5fb5c0e4a63db4978f4d416e1145b3dc568_00000000_a003983c-72cc-4fbb-8fa8-84c2b8d35def\r\n\r\nAnalysis symbol: \r\nRechecking for solution: 0\r\nReport Id: a003983c-72cc-4fbb-8fa8-84c2b8d35def\r\nReport Status: 2051\r\nHashed bucket: \r\nCab Guid: 0",
      "provider_name": "Windows Error Reporting",
      "record_id": 6912,
      "time_created_utc": "2026-09-04T12:22:08.6635002Z"
    },
    {
      "event_process_id": 36480,
      "id": 1001,
      "message": "Fault bucket , type 0\r\nEvent Name: LiveKernelEvent\r\nResponse: Not available\r\nCab Id: 0\r\n\r\nProblem signature:\r\nP1: 1a8\r\nP2: a\r\nP3: 0\r\nP4: 0\r\nP5: 0\r\nP6: 10_0_26200\r\nP7: 0_0\r\nP8: 768_1\r\nP9: \r\nP10: \r\n\r\nAttached files:\r\n\\\\?\\C:\\windows\\LiveKernelReports\\WATCHDOG\\WATCHDOG-20260818-1951.dmp\r\n\\\\?\\C:\\windows\\SystemTemp\\WER-9140328-0.sysdata.xml\r\n\\\\?\\C:\\ProgramData\\Microsoft\\Windows\\WER\\Temp\\WER.8100d9e4-57c2-4d1d-97d5-51154fc42a51.tmp.xml\r\n\r\nThese files may be available here:\r\n\\\\?\\C:\\ProgramData\\Microsoft\\Windows\\WER\\ReportQueue\\Kernel_1a8_edf5fb5c0e4a63db4978f4d416e1145b3dc568_00000000_c50ecc8e-b094-4026-974c-53134371aafc\r\n\r\nAnalysis symbol: \r\nRechecking for solution: 0\r\nReport Id: c50ecc8e-b094-4026-974c-53134371aafc\r\nReport Status: 2051\r\nHashed bucket: \r\nCab Guid: 0",
      "provider_name": "Windows Error Reporting",
      "record_id": 6911,
      "time_created_utc": "2026-09-04T12:22:08.5856932Z"
    },
    {
      "event_process_id": 14212,
      "id": 1001,
      "message": "Fault bucket , type 0\r\nEvent Name: APPCRASH\r\nResponse: Not available\r\nCab Id: 0\r\n\r\nProblem signature:\r\nP1: bridgestan-owned-worker-v1.exe\r\nP2: 0.0.0.0\r\nP3: 6a9ab6e5\r\nP4: libwinpthread-1.dll\r\nP5: 1.0.0.0\r\nP6: 6a69fbd2\r\nP7: c0000005\r\nP8: 0000000000008c89\r\nP9: \r\nP10: \r\n\r\nAttached files:\r\n\r\nThese files may be available here:\r\n\\\\?\\C:\\ProgramData\\Microsoft\\Windows\\WER\\ReportQueue\\AppCrash_bridgestan-owned_1c316685562f8e42a1eccae23bf4afdaee7335f_4bb9bd28_cbbf9af3-a42b-4ee6-9452-cb8c6bfd4d75\r\n\r\nAnalysis symbol: \r\nRechecking for solution: 0\r\nReport Id: 5dbe1cad-40f5-429c-a953-0a18a2811242\r\nReport Status: 4\r\nHashed bucket: \r\nCab Guid: 0",
      "provider_name": "Windows Error Reporting",
      "record_id": 6910,
      "time_created_utc": "2026-09-04T12:22:08.4980393Z"
    },
    {
      "event_process_id": 14212,
      "id": 1000,
      "message": "Faulting application name: bridgestan-owned-worker-v1.exe, version: 0.0.0.0, time stamp: 0x6a9ab6e5\r\nFaulting module name: libwinpthread-1.dll, version: 1.0.0.0, time stamp: 0x6a69fbd2\r\nException code: 0xc0000005\r\nFault offset: 0x0000000000008c89\r\nFaulting process id: 0x374C\r\nFaulting application start time: 0x1DD3C6800184FBF\r\nFaulting application path: C:\\dev\\owalnuts-build-bridgestan-owned-comparator-9edcbac\\STUDIES\\bridgestan_owned_worker_v1\\target\\release\\bridgestan-owned-worker-v1.exe\r\nFaulting module path: C:\\Users\\dhruv\\AppData\\Local\\Microsoft\\WinGet\\Packages\\BrechtSanders.WinLibs.POSIX.UCRT_Microsoft.Winget.Source_8wekyb3d8bbwe\\mingw64\\bin\\libwinpthread-1.dll\r\nReport Id: 5dbe1cad-40f5-429c-a953-0a18a2811242\r\nFaulting package full name: \r\nFaulting package-relative application ID: ",
      "provider_name": "Application Error",
      "record_id": 6909,
      "time_created_utc": "2026-09-04T12:22:07.2977470Z"
    },
    {
      "event_process_id": 6208,
      "id": 1001,
      "message": "Fault bucket 1562116893574624990, type 4\r\nEvent Name: APPCRASH\r\nResponse: Not available\r\nCab Id: 0\r\n\r\nProblem signature:\r\nP1: bridgestan-owned-worker-v1.exe\r\nP2: 0.0.0.0\r\nP3: 6a9ab6e5\r\nP4: StackHash_e64e\r\nP5: 10.0.26100.8972\r\nP6: 59a29eb0\r\nP7: c0000374\r\nP8: PCH_9A_FROM_ntdll+0x0000000000160ED4\r\nP9: \r\nP10: \r\n\r\nAttached files:\r\n\\\\?\\C:\\ProgramData\\Microsoft\\Windows\\WER\\Temp\\WER.e837c301-688f-4a77-b5fc-dd16c1c98ef7.tmp.dmp\r\n\\\\?\\C:\\ProgramData\\Microsoft\\Windows\\WER\\Temp\\WER.63a341c8-a4df-4325-9526-5be0cf6668ef.tmp.WERInternalMetadata.xml\r\n\\\\?\\C:\\ProgramData\\Microsoft\\Windows\\WER\\Temp\\WER.d8f393e3-0af6-49f3-99f8-f36baca6cc8e.tmp.csv\r\n\\\\?\\C:\\ProgramData\\Microsoft\\Windows\\WER\\Temp\\WER.8a141547-aab2-4118-8bff-1363012b7dfb.tmp.txt\r\n\\\\?\\C:\\ProgramData\\Microsoft\\Windows\\WER\\Temp\\WER.5742bd03-f6ad-4da6-a80f-02fd515136d4.tmp.xml\r\n\r\nThese files may be available here:\r\n\\\\?\\C:\\ProgramData\\Microsoft\\Windows\\WER\\ReportArchive\\AppCrash_bridgestan-owned_f21fc18aa936725c542586ad4a848c636bac83da_4bb9bd28_505f0389-3cc4-40cf-b784-1eb481c8b631\r\n\r\nAnalysis symbol: \r\nRechecking for solution: 0\r\nReport Id: a09b25f8-3692-4c53-892b-6f92f50e5ccc\r\nReport Status: 268435456\r\nHashed bucket: 8681c9cc4ede0007f5adc109cb26f6de\r\nCab Guid: 0",
      "provider_name": "Windows Error Reporting",
      "record_id": 6908,
      "time_created_utc": "2026-09-04T12:22:02.8941616Z"
    },
    {
      "event_process_id": 6208,
      "id": 1000,
      "message": "Faulting application name: bridgestan-owned-worker-v1.exe, version: 0.0.0.0, time stamp: 0x6a9ab6e5\r\nFaulting module name: ntdll.dll, version: 10.0.26100.8972, time stamp: 0x59a29eb0\r\nException code: 0xc0000374\r\nFault offset: 0x0000000000112165\r\nFaulting process id: 0x603C\r\nFaulting application start time: 0x1DD3C67FC2AAD2A\r\nFaulting application path: C:\\dev\\owalnuts-build-bridgestan-owned-comparator-9edcbac\\STUDIES\\bridgestan_owned_worker_v1\\target\\release\\bridgestan-owned-worker-v1.exe\r\nFaulting module path: C:\\windows\\SYSTEM32\\ntdll.dll\r\nReport Id: a09b25f8-3692-4c53-892b-6f92f50e5ccc\r\nFaulting package full name: \r\nFaulting package-relative application ID: ",
      "provider_name": "Application Error",
      "record_id": 6907,
      "time_created_utc": "2026-09-04T12:22:00.7036043Z"
    },
    {
      "event_process_id": 4120,
      "id": 1001,
      "message": "Fault bucket 2233737549864309368, type 4\r\nEvent Name: APPCRASH\r\nResponse: Not available\r\nCab Id: 0\r\n\r\nProblem signature:\r\nP1: bridgestan-owned-worker-v1.exe\r\nP2: 0.0.0.0\r\nP3: 6a9ab6e5\r\nP4: libwinpthread-1.dll\r\nP5: 1.0.0.0\r\nP6: 6a69fbd2\r\nP7: c0000005\r\nP8: 0000000000008c89\r\nP9: \r\nP10: \r\n\r\nAttached files:\r\n\\\\?\\C:\\ProgramData\\Microsoft\\Windows\\WER\\Temp\\WER.3b92e1eb-2dac-4365-a3ca-0ddbbda59d6b.tmp.WERInternalMetadata.xml\r\n\r\nThese files may be available here:\r\n\\\\?\\C:\\ProgramData\\Microsoft\\Windows\\WER\\ReportArchive\\AppCrash_bridgestan-owned_1c316685562f8e42a1eccae23bf4afdaee7335f_4bb9bd28_bd717b0a-cc22-44ba-9986-6a11a532d8ba\r\n\r\nAnalysis symbol: \r\nRechecking for solution: 0\r\nReport Id: 717389a3-ce0e-4178-abca-60b9576e0400\r\nReport Status: 268435456\r\nHashed bucket: 673ced5ad96b874c1effd4777d1d1278\r\nCab Guid: 0",
      "provider_name": "Windows Error Reporting",
      "record_id": 6906,
      "time_created_utc": "2026-09-04T12:20:57.5320350Z"
    },
    {
      "event_process_id": 4120,
      "id": 1001,
      "message": "Fault bucket , type 0\r\nEvent Name: LiveKernelEvent\r\nResponse: Not available\r\nCab Id: 0\r\n\r\nProblem signature:\r\nP1: 193\r\nP2: 801\r\nP3: ffffffffc0000182\r\nP4: 0\r\nP5: 0\r\nP6: 10_0_26200\r\nP7: 0_0\r\nP8: 768_1\r\nP9: \r\nP10: \r\n\r\nAttached files:\r\n\\\\?\\C:\\windows\\LiveKernelReports\\WATCHDOG\\WATCHDOG-20260901-1755.dmp\r\n\\\\?\\C:\\windows\\SystemTemp\\WER-15218-0.sysdata.xml\r\n\\\\?\\C:\\ProgramData\\Microsoft\\Windows\\WER\\Temp\\WER.c70cd3b6-3584-4295-9cb6-78c930b580d8.tmp.xml\r\n\r\nThese files may be available here:\r\n\\\\?\\C:\\ProgramData\\Microsoft\\Windows\\WER\\ReportQueue\\Kernel_193_fc56f3d81d6cb1a493ce155b8560bf1f4dbd803e_00000000_fd264704-a467-4b07-a291-8ed8ba5ef349\r\n\r\nAnalysis symbol: \r\nRechecking for solution: 0\r\nReport Id: fd264704-a467-4b07-a291-8ed8ba5ef349\r\nReport Status: 2049\r\nHashed bucket: \r\nCab Guid: 0",
      "provider_name": "Windows Error Reporting",
      "record_id": 6905,
      "time_created_utc": "2026-09-04T12:20:56.9560154Z"
    },
    {
      "event_process_id": 4120,
      "id": 1001,
      "message": "Fault bucket , type 0\r\nEvent Name: LiveKernelEvent\r\nResponse: Not available\r\nCab Id: 0\r\n\r\nProblem signature:\r\nP1: 193\r\nP2: 801\r\nP3: ffffffffc0000182\r\nP4: 0\r\nP5: 0\r\nP6: 10_0_26200\r\nP7: 0_0\r\nP8: 768_1\r\nP9: \r\nP10: \r\n\r\nAttached files:\r\n\\\\?\\C:\\windows\\LiveKernelReports\\WATCHDOG\\WATCHDOG-20260826-0013.dmp\r\n\\\\?\\C:\\windows\\SystemTemp\\WER-15750-0.sysdata.xml\r\n\\\\?\\C:\\ProgramData\\Microsoft\\Windows\\WER\\Temp\\WER.6ed66eba-0b82-4b1c-88ea-a79540e30142.tmp.xml\r\n\r\nThese files may be available here:\r\n\\\\?\\C:\\ProgramData\\Microsoft\\Windows\\WER\\ReportQueue\\Kernel_193_fc56f3d81d6cb1a493ce155b8560bf1f4dbd803e_00000000_fbfe0b14-a4de-4445-bc63-4fb09d4311b9\r\n\r\nAnalysis symbol: \r\nRechecking for solution: 0\r\nReport Id: fbfe0b14-a4de-4445-bc63-4fb09d4311b9\r\nReport Status: 2049\r\nHashed bucket: \r\nCab Guid: 0",
      "provider_name": "Windows Error Reporting",
      "record_id": 6904,
      "time_created_utc": "2026-09-04T12:20:56.8724255Z"
    },
    {
      "event_process_id": 4120,
      "id": 1001,
      "message": "Fault bucket , type 0\r\nEvent Name: LiveKernelEvent\r\nResponse: Not available\r\nCab Id: 0\r\n\r\nProblem signature:\r\nP1: 193\r\nP2: 801\r\nP3: ffffffffc0000182\r\nP4: 0\r\nP5: 0\r\nP6: 10_0_26200\r\nP7: 0_0\r\nP8: 768_1\r\nP9: \r\nP10: \r\n\r\nAttached files:\r\n\\\\?\\C:\\windows\\LiveKernelReports\\WATCHDOG\\WATCHDOG-20260825-1252.dmp\r\n\\\\?\\C:\\windows\\SystemTemp\\WER-15218-0.sysdata.xml\r\n\\\\?\\C:\\ProgramData\\Microsoft\\Windows\\WER\\Temp\\WER.f9dd82c7-aac5-441f-ba76-27f994bde9b1.tmp.xml\r\n\r\nThese files may be available here:\r\n\\\\?\\C:\\ProgramData\\Microsoft\\Windows\\WER\\ReportQueue\\Kernel_193_fc56f3d81d6cb1a493ce155b8560bf1f4dbd803e_00000000_4c79eb77-5f6e-4dba-8fab-a07d91af421d\r\n\r\nAnalysis symbol: \r\nRechecking for solution: 0\r\nReport Id: 4c79eb77-5f6e-4dba-8fab-a07d91af421d\r\nReport Status: 2049\r\nHashed bucket: \r\nCab Guid: 0",
      "provider_name": "Windows Error Reporting",
      "record_id": 6903,
      "time_created_utc": "2026-09-04T12:20:56.8165069Z"
    },
    {
      "event_process_id": 4120,
      "id": 1001,
      "message": "Fault bucket , type 0\r\nEvent Name: LiveKernelEvent\r\nResponse: Not available\r\nCab Id: 0\r\n\r\nProblem signature:\r\nP1: 1a8\r\nP2: a\r\nP3: 0\r\nP4: 0\r\nP5: 0\r\nP6: 10_0_26200\r\nP7: 0_0\r\nP8: 768_1\r\nP9: \r\nP10: \r\n\r\nAttached files:\r\n\\\\?\\C:\\windows\\LiveKernelReports\\WATCHDOG\\WATCHDOG-20260825-1245.dmp\r\n\\\\?\\C:\\windows\\SystemTemp\\WER-175817437-0.sysdata.xml\r\n\\\\?\\C:\\ProgramData\\Microsoft\\Windows\\WER\\Temp\\WER.62c265da-6fe8-4a65-9a4a-65fcbe804918.tmp.xml\r\n\r\nThese files may be available here:\r\n\\\\?\\C:\\ProgramData\\Microsoft\\Windows\\WER\\ReportQueue\\Kernel_1a8_edf5fb5c0e4a63db4978f4d416e1145b3dc568_00000000_af1ed104-afda-4c91-9235-02a1b4334b29\r\n\r\nAnalysis symbol: \r\nRechecking for solution: 0\r\nReport Id: af1ed104-afda-4c91-9235-02a1b4334b29\r\nReport Status: 2049\r\nHashed bucket: \r\nCab Guid: 0",
      "provider_name": "Windows Error Reporting",
      "record_id": 6902,
      "time_created_utc": "2026-09-04T12:20:56.7609174Z"
    },
    {
      "event_process_id": 4120,
      "id": 1001,
      "message": "Fault bucket , type 0\r\nEvent Name: LiveKernelEvent\r\nResponse: Not available\r\nCab Id: 0\r\n\r\nProblem signature:\r\nP1: 193\r\nP2: 801\r\nP3: ffffffffc0000182\r\nP4: 0\r\nP5: 0\r\nP6: 10_0_26200\r\nP7: 0_0\r\nP8: 768_1\r\nP9: \r\nP10: \r\n\r\nAttached files:\r\n\\\\?\\C:\\windows\\LiveKernelReports\\WATCHDOG\\WATCHDOG-20260823-1155.dmp\r\n\\\\?\\C:\\windows\\SystemTemp\\WER-16812-0.sysdata.xml\r\n\\\\?\\C:\\ProgramData\\Microsoft\\Windows\\WER\\Temp\\WER.f327c842-9aef-4308-ab7c-2bf0d457d7f3.tmp.xml\r\n\r\nThese files may be available here:\r\n\\\\?\\C:\\ProgramData\\Microsoft\\Windows\\WER\\ReportQueue\\Kernel_193_fc56f3d81d6cb1a493ce155b8560bf1f4dbd803e_00000000_d283bfc6-1bc7-438d-8a04-bcfa2b1d3b73\r\n\r\nAnalysis symbol: \r\nRechecking for solution: 0\r\nReport Id: d283bfc6-1bc7-438d-8a04-bcfa2b1d3b73\r\nReport Status: 2051\r\nHashed bucket: \r\nCab Guid: 0",
      "provider_name": "Windows Error Reporting",
      "record_id": 6901,
      "time_created_utc": "2026-09-04T12:20:56.6993320Z"
    },
    {
      "event_process_id": 4120,
      "id": 1001,
      "message": "Fault bucket , type 0\r\nEvent Name: LiveKernelEvent\r\nResponse: Not available\r\nCab Id: 0\r\n\r\nProblem signature:\r\nP1: 193\r\nP2: 801\r\nP3: ffffffffc0000182\r\nP4: 0\r\nP5: 0\r\nP6: 10_0_26200\r\nP7: 0_0\r\nP8: 768_1\r\nP9: \r\nP10: \r\n\r\nAttached files:\r\n\\\\?\\C:\\windows\\LiveKernelReports\\WATCHDOG\\WATCHDOG-20260823-1101.dmp\r\n\\\\?\\C:\\windows\\SystemTemp\\WER-18406-0.sysdata.xml\r\n\\\\?\\C:\\ProgramData\\Microsoft\\Windows\\WER\\Temp\\WER.0985333f-7126-49fc-8d78-b74ac98b705a.tmp.xml\r\n\r\nThese files may be available here:\r\n\\\\?\\C:\\ProgramData\\Microsoft\\Windows\\WER\\ReportQueue\\Kernel_193_fc56f3d81d6cb1a493ce155b8560bf1f4dbd803e_00000000_4932da06-8cdc-4b01-9402-d8583b01a260\r\n\r\nAnalysis symbol: \r\nRechecking for solution: 0\r\nReport Id: 4932da06-8cdc-4b01-9402-d8583b01a260\r\nReport Status: 2051\r\nHashed bucket: \r\nCab Guid: 0",
      "provider_name": "Windows Error Reporting",
      "record_id": 6900,
      "time_created_utc": "2026-09-04T12:20:56.6307919Z"
    },
    {
      "event_process_id": 4120,
      "id": 1001,
      "message": "Fault bucket , type 0\r\nEvent Name: LiveKernelEvent\r\nResponse: Not available\r\nCab Id: 0\r\n\r\nProblem signature:\r\nP1: 193\r\nP2: 801\r\nP3: ffffffffc0000182\r\nP4: 0\r\nP5: 0\r\nP6: 10_0_26200\r\nP7: 0_0\r\nP8: 768_1\r\nP9: \r\nP10: \r\n\r\nAttached files:\r\n\\\\?\\C:\\windows\\LiveKernelReports\\WATCHDOG\\WATCHDOG-20260823-1059.dmp\r\n\\\\?\\C:\\windows\\SystemTemp\\WER-18484-0.sysdata.xml\r\n\\\\?\\C:\\ProgramData\\Microsoft\\Windows\\WER\\Temp\\WER.b1fd306e-ffb1-43e0-9d8f-42c4d875791c.tmp.xml\r\n\r\nThese files may be available here:\r\n\\\\?\\C:\\ProgramData\\Microsoft\\Windows\\WER\\ReportQueue\\Kernel_193_fc56f3d81d6cb1a493ce155b8560bf1f4dbd803e_00000000_6ead5540-ecd1-4056-84d6-af78b7e92514\r\n\r\nAnalysis symbol: \r\nRechecking for solution: 0\r\nReport Id: 6ead5540-ecd1-4056-84d6-af78b7e92514\r\nReport Status: 2051\r\nHashed bucket: \r\nCab Guid: 0",
      "provider_name": "Windows Error Reporting",
      "record_id": 6899,
      "time_created_utc": "2026-09-04T12:20:56.5783869Z"
    },
    {
      "event_process_id": 4120,
      "id": 1001,
      "message": "Fault bucket , type 0\r\nEvent Name: LiveKernelEvent\r\nResponse: Not available\r\nCab Id: 0\r\n\r\nProblem signature:\r\nP1: 1cc\r\nP2: fffff805af18bbc0\r\nP3: ffffbc0ef6b36040\r\nP4: 131\r\nP5: 2d\r\nP6: 10_0_26200\r\nP7: 0_0\r\nP8: 768_1\r\nP9: \r\nP10: \r\n\r\nAttached files:\r\n\\\\?\\C:\\windows\\LiveKernelReports\\ResourceTimeout\\ResourceTimeout-20260818-2034.dmp\r\n\\\\?\\C:\\windows\\SystemTemp\\WER-11722031-0.sysdata.xml\r\n\\\\?\\C:\\windows\\LiveKernelReports\\ResourceTimeout-20260818-2034.dmp\r\n\\\\?\\C:\\ProgramData\\Microsoft\\Windows\\WER\\Temp\\WER.3b345159-6a28-4c5e-b196-1eedb275b786.tmp.xml\r\n\r\nThese files may be available here:\r\n\\\\?\\C:\\ProgramData\\Microsoft\\Windows\\WER\\ReportQueue\\Kernel_1cc_3af292106f4a973c092872c865cbcf95080ad3b_00000000_f30f9fc4-c43e-451f-a5cb-dbf4951d6492\r\n\r\nAnalysis symbol: \r\nRechecking for solution: 0\r\nReport Id: f30f9fc4-c43e-451f-a5cb-dbf4951d6492\r\nReport Status: 2051\r\nHashed bucket: \r\nCab Guid: 0",
      "provider_name": "Windows Error Reporting",
      "record_id": 6898,
      "time_created_utc": "2026-09-04T12:20:56.5088878Z"
    },
    {
      "event_process_id": 4120,
      "id": 1001,
      "message": "Fault bucket , type 0\r\nEvent Name: LiveKernelEvent\r\nResponse: Not available\r\nCab Id: 0\r\n\r\nProblem signature:\r\nP1: 1a8\r\nP2: a\r\nP3: 0\r\nP4: 0\r\nP5: 0\r\nP6: 10_0_26200\r\nP7: 0_0\r\nP8: 768_1\r\nP9: \r\nP10: \r\n\r\nAttached files:\r\n\\\\?\\C:\\windows\\LiveKernelReports\\WATCHDOG\\WATCHDOG-20260818-2011.dmp\r\n\\\\?\\C:\\windows\\SystemTemp\\WER-10358656-0.sysdata.xml\r\n\\\\?\\C:\\ProgramData\\Microsoft\\Windows\\WER\\Temp\\WER.9086f87b-4ceb-4272-bc2a-83a34653d883.tmp.xml\r\n\r\nThese files may be available here:\r\n\\\\?\\C:\\ProgramData\\Microsoft\\Windows\\WER\\ReportQueue\\Kernel_1a8_edf5fb5c0e4a63db4978f4d416e1145b3dc568_00000000_6ed06c73-ce49-4fe0-99fe-ae2add1f3ebf\r\n\r\nAnalysis symbol: \r\nRechecking for solution: 0\r\nReport Id: 6ed06c73-ce49-4fe0-99fe-ae2add1f3ebf\r\nReport Status: 2051\r\nHashed bucket: \r\nCab Guid: 0",
      "provider_name": "Windows Error Reporting",
      "record_id": 6897,
      "time_created_utc": "2026-09-04T12:20:56.4459966Z"
    },
    {
      "event_process_id": 4120,
      "id": 1001,
      "message": "Fault bucket , type 0\r\nEvent Name: LiveKernelEvent\r\nResponse: Not available\r\nCab Id: 0\r\n\r\nProblem signature:\r\nP1: 1a8\r\nP2: a\r\nP3: 0\r\nP4: 0\r\nP5: 0\r\nP6: 10_0_26200\r\nP7: 0_0\r\nP8: 768_1\r\nP9: \r\nP10: \r\n\r\nAttached files:\r\n\\\\?\\C:\\windows\\LiveKernelReports\\WATCHDOG\\WATCHDOG-20260818-1951.dmp\r\n\\\\?\\C:\\windows\\SystemTemp\\WER-9175140-0.sysdata.xml\r\n\\\\?\\C:\\ProgramData\\Microsoft\\Windows\\WER\\Temp\\WER.ccdf3080-a601-4c66-a894-9a581986fbc5.tmp.xml\r\n\r\nThese files may be available here:\r\n\\\\?\\C:\\ProgramData\\Microsoft\\Windows\\WER\\ReportQueue\\Kernel_1a8_edf5fb5c0e4a63db4978f4d416e1145b3dc568_00000000_a003983c-72cc-4fbb-8fa8-84c2b8d35def\r\n\r\nAnalysis symbol: \r\nRechecking for solution: 0\r\nReport Id: a003983c-72cc-4fbb-8fa8-84c2b8d35def\r\nReport Status: 2051\r\nHashed bucket: \r\nCab Guid: 0",
      "provider_name": "Windows Error Reporting",
      "record_id": 6896,
      "time_created_utc": "2026-09-04T12:20:56.3965585Z"
    },
    {
      "event_process_id": 4120,
      "id": 1001,
      "message": "Fault bucket , type 0\r\nEvent Name: LiveKernelEvent\r\nResponse: Not available\r\nCab Id: 0\r\n\r\nProblem signature:\r\nP1: 1a8\r\nP2: a\r\nP3: 0\r\nP4: 0\r\nP5: 0\r\nP6: 10_0_26200\r\nP7: 0_0\r\nP8: 768_1\r\nP9: \r\nP10: \r\n\r\nAttached files:\r\n\\\\?\\C:\\windows\\LiveKernelReports\\WATCHDOG\\WATCHDOG-20260818-1951.dmp\r\n\\\\?\\C:\\windows\\SystemTemp\\WER-9140328-0.sysdata.xml\r\n\\\\?\\C:\\ProgramData\\Microsoft\\Windows\\WER\\Temp\\WER.8100d9e4-57c2-4d1d-97d5-51154fc42a51.tmp.xml\r\n\r\nThese files may be available here:\r\n\\\\?\\C:\\ProgramData\\Microsoft\\Windows\\WER\\ReportQueue\\Kernel_1a8_edf5fb5c0e4a63db4978f4d416e1145b3dc568_00000000_c50ecc8e-b094-4026-974c-53134371aafc\r\n\r\nAnalysis symbol: \r\nRechecking for solution: 0\r\nReport Id: c50ecc8e-b094-4026-974c-53134371aafc\r\nReport Status: 2051\r\nHashed bucket: \r\nCab Guid: 0",
      "provider_name": "Windows Error Reporting",
      "record_id": 6895,
      "time_created_utc": "2026-09-04T12:20:56.3323984Z"
    },
    {
      "event_process_id": 38356,
      "id": 1001,
      "message": "Fault bucket , type 0\r\nEvent Name: APPCRASH\r\nResponse: Not available\r\nCab Id: 0\r\n\r\nProblem signature:\r\nP1: bridgestan-owned-worker-v1.exe\r\nP2: 0.0.0.0\r\nP3: 6a9ab6e5\r\nP4: libwinpthread-1.dll\r\nP5: 1.0.0.0\r\nP6: 6a69fbd2\r\nP7: c0000005\r\nP8: 0000000000008c89\r\nP9: \r\nP10: \r\n\r\nAttached files:\r\n\r\nThese files may be available here:\r\n\\\\?\\C:\\ProgramData\\Microsoft\\Windows\\WER\\ReportQueue\\AppCrash_bridgestan-owned_1c316685562f8e42a1eccae23bf4afdaee7335f_4bb9bd28_bd717b0a-cc22-44ba-9986-6a11a532d8ba\r\n\r\nAnalysis symbol: \r\nRechecking for solution: 0\r\nReport Id: 717389a3-ce0e-4178-abca-60b9576e0400\r\nReport Status: 4\r\nHashed bucket: \r\nCab Guid: 0",
      "provider_name": "Windows Error Reporting",
      "record_id": 6894,
      "time_created_utc": "2026-09-04T12:20:56.1721053Z"
    },
    {
      "event_process_id": 38356,
      "id": 1000,
      "message": "Faulting application name: bridgestan-owned-worker-v1.exe, version: 0.0.0.0, time stamp: 0x6a9ab6e5\r\nFaulting module name: libwinpthread-1.dll, version: 1.0.0.0, time stamp: 0x6a69fbd2\r\nException code: 0xc0000005\r\nFault offset: 0x0000000000008c89\r\nFaulting process id: 0x84F0\r\nFaulting application start time: 0x1DD3C67D4EBEF91\r\nFaulting application path: C:\\dev\\owalnuts-build-bridgestan-owned-comparator-9edcbac\\STUDIES\\bridgestan_owned_worker_v1\\target\\release\\bridgestan-owned-worker-v1.exe\r\nFaulting module path: C:\\Users\\dhruv\\AppData\\Local\\Microsoft\\WinGet\\Packages\\BrechtSanders.WinLibs.POSIX.UCRT_Microsoft.Winget.Source_8wekyb3d8bbwe\\mingw64\\bin\\libwinpthread-1.dll\r\nReport Id: 717389a3-ce0e-4178-abca-60b9576e0400\r\nFaulting package full name: \r\nFaulting package-relative application ID: ",
      "provider_name": "Application Error",
      "record_id": 6893,
      "time_created_utc": "2026-09-04T12:20:54.8635969Z"
    },
    {
      "event_process_id": 20160,
      "id": 1001,
      "message": "Fault bucket 1964098887939013050, type 4\r\nEvent Name: APPCRASH\r\nResponse: Not available\r\nCab Id: 0\r\n\r\nProblem signature:\r\nP1: bridgestan-owned-worker-v1.exe\r\nP2: 0.0.0.0\r\nP3: 6a9ab6e5\r\nP4: StackHash_d289\r\nP5: 10.0.26100.8972\r\nP6: 59a29eb0\r\nP7: c0000374\r\nP8: PCH_9A_FROM_ntdll+0x0000000000160ED4\r\nP9: \r\nP10: \r\n\r\nAttached files:\r\n\\\\?\\C:\\ProgramData\\Microsoft\\Windows\\WER\\Temp\\WER.480ab2d4-049e-4fe0-8489-75976cb36085.tmp.dmp\r\n\\\\?\\C:\\ProgramData\\Microsoft\\Windows\\WER\\Temp\\WER.6b4d319e-1b3d-4849-84a2-0b1f2495ee40.tmp.WERInternalMetadata.xml\r\n\\\\?\\C:\\ProgramData\\Microsoft\\Windows\\WER\\Temp\\WER.696840f2-0170-490a-bcf4-6be99a0e0d2a.tmp.csv\r\n\\\\?\\C:\\ProgramData\\Microsoft\\Windows\\WER\\Temp\\WER.45623307-dba0-443c-8081-1a1273978161.tmp.txt\r\n\\\\?\\C:\\ProgramData\\Microsoft\\Windows\\WER\\Temp\\WER.920c133b-f337-49ae-90a4-fc6346db2f46.tmp.xml\r\n\r\nThese files may be available here:\r\n\\\\?\\C:\\ProgramData\\Microsoft\\Windows\\WER\\ReportArchive\\AppCrash_bridgestan-owned_85625297cffdc9f9dd877f75b14cdd4426e1b38_4bb9bd28_c6e4e975-1da9-419e-a683-63657d412838\r\n\r\nAnalysis symbol: \r\nRechecking for solution: 0\r\nReport Id: 0c3fc781-e953-41cc-93f5-72a3caeb0751\r\nReport Status: 268435456\r\nHashed bucket: 15804615cf392605bb41e188475839ba\r\nCab Guid: 0",
      "provider_name": "Windows Error Reporting",
      "record_id": 6892,
      "time_created_utc": "2026-09-04T12:20:50.2624659Z"
    },
    {
      "event_process_id": 20160,
      "id": 1000,
      "message": "Faulting application name: bridgestan-owned-worker-v1.exe, version: 0.0.0.0, time stamp: 0x6a9ab6e5\r\nFaulting module name: ntdll.dll, version: 10.0.26100.8972, time stamp: 0x59a29eb0\r\nException code: 0xc0000374\r\nFault offset: 0x0000000000112165\r\nFaulting process id: 0x9448\r\nFaulting application start time: 0x1DD3C67D051A615\r\nFaulting application path: C:\\dev\\owalnuts-build-bridgestan-owned-comparator-9edcbac\\STUDIES\\bridgestan_owned_worker_v1\\target\\release\\bridgestan-owned-worker-v1.exe\r\nFaulting module path: C:\\windows\\SYSTEM32\\ntdll.dll\r\nReport Id: 0c3fc781-e953-41cc-93f5-72a3caeb0751\r\nFaulting package full name: \r\nFaulting package-relative application ID: ",
      "provider_name": "Application Error",
      "record_id": 6891,
      "time_created_utc": "2026-09-04T12:20:47.2546318Z"
    }
  ],
  "parse_error": null,
  "query_finished_utc": "2026-09-04T12:28:15.813042Z",
  "query_started_utc": "2026-09-04T12:20:41.130036Z",
  "return_code": 0,
  "stderr": "",
  "stdout": "[{\"time_created_utc\":\"2026-09-04T12:23:50.4129206Z\",\"id\":1001,\"provider_name\":\"Windows Error Reporting\",\"record_id\":6974,\"event_process_id\":38940,\"message\":\"Fault bucket 1961609556692841472, type 4\\r\\nEvent Name: APPCRASH\\r\\nResponse: Not available\\r\\nCab Id: 0\\r\\n\\r\\nProblem signature:\\r\\nP1: bridgestan-owned-worker-v1.exe\\r\\nP2: 0.0.0.0\\r\\nP3: 6a9ab6e5\\r\\nP4: StackHash_75ea\\r\\nP5: 10.0.26100.8972\\r\\nP6: 59a29eb0\\r\\nP7: c0000374\\r\\nP8: PCH_9A_FROM_ntdll+0x0000000000160ED4\\r\\nP9: \\r\\nP10: \\r\\n\\r\\nAttached files:\\r\\n\\\\\\\\?\\\\C:\\\\ProgramData\\\\Microsoft\\\\Windows\\\\WER\\\\Temp\\\\WER.c0e5b3dd-e43a-469a-b65f-026fb3727054.tmp.dmp\\r\\n\\\\\\\\?\\\\C:\\\\ProgramData\\\\Microsoft\\\\Windows\\\\WER\\\\Temp\\\\WER.7613d534-173d-485f-b667-ae4995794d9e.tmp.WERInternalMetadata.xml\\r\\n\\\\\\\\?\\\\C:\\\\ProgramData\\\\Microsoft\\\\Windows\\\\WER\\\\Temp\\\\WER.bffcc4d3-14fa-4629-a151-ff86876263dd.tmp.csv\\r\\n\\\\\\\\?\\\\C:\\\\ProgramData\\\\Microsoft\\\\Windows\\\\WER\\\\Temp\\\\WER.8256b440-b8ce-43ea-ab23-b2612c973735.tmp.txt\\r\\n\\\\\\\\?\\\\C:\\\\ProgramData\\\\Microsoft\\\\Windows\\\\WER\\\\Temp\\\\WER.cc47de9e-12de-4564-af74-68c0e6e39024.tmp.xml\\r\\n\\r\\nThese files may be available here:\\r\\n\\\\\\\\?\\\\C:\\\\ProgramData\\\\Microsoft\\\\Windows\\\\WER\\\\ReportArchive\\\\AppCrash_bridgestan-owned_d8d4d84484d16a81742195144fd4d97c552b584_4bb9bd28_f7298470-90f9-4b02-b72b-699c2c50eea2\\r\\n\\r\\nAnalysis symbol: \\r\\nRechecking for solution: 0\\r\\nReport Id: a7219265-90a5-4754-9136-0bc25da359e2\\r\\nReport Status: 268435456\\r\\nHashed bucket: 215d2311c57308741b39097faeb03400\\r\\nCab Guid: 0\"},{\"time_created_utc\":\"2026-09-04T12:23:48.5313919Z\",\"id\":1000,\"provider_name\":\"Application Error\",\"record_id\":6973,\"event_process_id\":38940,\"message\":\"Faulting application name: bridgestan-owned-worker-v1.exe, version: 0.0.0.0, time stamp: 0x6a9ab6e5\\r\\nFaulting module name: ntdll.dll, version: 10.0.26100.8972, time stamp: 0x59a29eb0\\r\\nException code: 0xc0000374\\r\\nFault offset: 0x0000000000112165\\r\\nFaulting process id: 0x83C4\\r\\nFaulting application start time: 0x1DD3C683C6BDECA\\r\\nFaulting application path: C:\\\\dev\\\\owalnuts-build-bridgestan-owned-comparator-9edcbac\\\\STUDIES\\\\bridgestan_owned_worker_v1\\\\target\\\\release\\\\bridgestan-owned-worker-v1.exe\\r\\nFaulting module path: C:\\\\windows\\\\SYSTEM32\\\\ntdll.dll\\r\\nReport Id: a7219265-90a5-4754-9136-0bc25da359e2\\r\\nFaulting package full name: \\r\\nFaulting package-relative application ID: \"},